0 881120 64 0
1 5405050 8 0
2 7763391 8 0
2 7763399 8 0
2 7763407 8 0
2 7763415 8 0
2 7763423 8 0
2 7763431 8 0
2 7763439 8 0
2 7763447 8 0
2 7763455 8 0
2 7763463 8 0
2 7763471 8 0
2 7763479 8 0
2 7763487 8 0
2 7763495 8 0
2 7763503 8 0
2 7763511 8 0
2 7763519 8 0
2 7763527 8 0
2 7763535 8 0
2 7763543 8 0
2 7763551 8 0
2 7763559 8 0
2 7763567 8 0
2 7763575 8 0
2 7763583 8 0
2 7763591 8 0
2 7763599 8 0
2 7763607 8 0
2 7763615 8 0
2 7763623 8 0
2 7763631 8 0
2 7763639 8 0
2 7375103 8 0
2 7375111 8 0
2 7375119 8 0
2 7375127 8 0
2 7375135 8 0
2 7375143 8 0
2 7375151 8 0
2 7375159 8 0
2 7375167 8 0
2 7375175 8 0
2 7375183 8 0
2 7375191 8 0
2 7375199 8 0
2 7375207 8 0
2 7375215 8 0
2 7375223 8 0
2 7375231 8 0
2 7375239 8 0
2 7375247 8 0
2 7375255 8 0
2 7375263 8 0
2 7375271 8 0
2 7375279 8 0
2 7375287 8 0
2 7375295 8 0
2 7375303 8 0
2 7375311 8 0
2 7375319 8 0
2 7375327 8 0
2 7375335 8 0
2 7375343 8 0
2 7375351 8 0
0 1961376 16 0
0 788832 64 0
1 5404602 16 0
1 5404802 8 0
1 5436986 16 0
1 5404570 8 0
1 5404442 16 0
1 5404706 8 0
1 5404522 8 0
1 5436874 32 0
1 5404786 8 0
1 5404650 16 0
1 5404306 8 0
0 7699760 16 0
1 5437034 8 0
1 5404890 8 0
1 5405058 32 0
1 5436946 8 0
1 5404818 8 0
0 788896 48 0
1 5436818 8 0
1 5404682 8 0
1 5405042 8 0
1 5437002 16 0
1 5436954 16 0
1 5404746 8 0
1 5404666 8 0
1 5404362 32 0
1 5404794 8 0
0 5856928 16 0
1 5404458 16 0
1 5404554 16 0
1 5404674 8 0
1 5404858 8 0
1 5404714 16 0
1 5404866 8 0
1 5436970 8 0
1 5404514 8 0
1 5404842 16 0
0 6170240 16 0
1 5404618 32 0
1 5404898 8 0
1 5404530 8 0
0 7699776 32 0
1 5404762 24 0
1 5437026 8 0
1 5436930 8 0
1 5436858 16 0
1 5404474 8 0
0 6668928 16 0
1 5436938 8 0
1 5404298 8 0
1 5404586 16 0
1 5436826 16 0
1 5404546 8 0
1 5436978 8 0
1 5404506 8 0
1 5405114 16 0
1 5404690 8 0
1 5404490 16 0
1 5405130 16 0
1 5404754 8 0
1 5404730 16 0
1 5436842 16 0
0 1961392 32 0
1 5404314 16 0
1 5404538 8 0
0 736880 16 0
1 5404826 16 0
1 5404810 8 0
1 5404330 32 0
0 1376720 64 0
0 1376784 64 0
1 5404578 8 0
1 5404698 8 0
1 5436906 24 0
1 5404874 16 0
1 5437042 24 0
1 5437018 8 0
1 5436786 8 0
1 5405146 8 0
1 5405154 8 0
1 5405162 24 0
1 5405482 32 0
0 5856736 16 0
1 5405530 32 0
1 5405370 16 0
0 736896 64 0
1 5405642 32 0
1 5405514 16 0
1 5405386 16 0
1 5405322 32 0
1 5405466 16 0
1 5405186 8 0
1 5405402 16 0
1 5405578 16 0
1 5405194 32 0
1 5405450 16 0
1 5405418 24 0
1 5405594 24 0
1 5414594 8 0
1 5405362 8 0
0 736960 48 0
1 5405850 8 0
1 5406058 8 0
1 5406186 16 0
1 5414570 16 0
1 5406106 16 0
1 5414602 16 0
1 5406090 16 0
0 2628992 32 0
1 5414714 8 0
1 5406066 8 0
1 5405962 32 0
1 5414882 8 0
1 5405994 24 0
0 6611168 16 0
1 5405906 8 0
1 5405866 16 0
1 5405778 24 0
1 5414650 16 0
1 5406250 16 0
1 5405882 24 0
1 5406018 8 0
1 5406274 32 0
1 5406242 8 0
1 5406138 8 0
1 5414858 24 0
1 5406322 24 0
1 5406146 8 0
1 5405826 8 0
0 881184 64 0
1 5414698 16 0
1 5414762 8 0
1 5405930 24 0
1 5405442 8 0
1 5405802 24 0
1 5406074 8 0
1 5405738 32 0
1 5405618 24 0
1 5406234 8 0
1 5414538 32 0
1 5414586 8 0
1 5406082 8 0
1 5414730 16 0
1 5414770 8 0
1 5406266 8 0
1 5414618 24 0
1 5414794 16 0
1 5414778 16 0
1 5414850 8 0
1 5406154 32 0
0 2629024 64 0
1 5405706 32 0
1 5405914 16 0
1 5414754 8 0
1 5414746 8 0
1 5414666 32 0
1 5405834 16 0
1 5406122 16 0
1 5406202 16 0
1 5406314 8 0
1 5414642 8 0
1 5405954 8 0
1 5406218 16 0
1 5406026 32 0
1 5405858 8 0
1 5414722 8 0
1 5414810 32 0
1 4761970 8 0
1 5396834 8 0
1 4763586 8 0
1 4763650 8 0
1 4762386 8 0
1 4763730 8 0
1 4762802 8 0
0 94000 16 0
1 4762594 8 0
1 4762442 16 0
1 5189322 8 0
1 4761946 8 0
0 94016 64 0
0 6059168 16 0
1 4634090 24 0
0 411568 32 0
0 6678608 16 0
1 4522474 32 0
0 6947408 16 0
1 4606250 8 0
0 411600 64 0
1 5385370 16 0
0 6209296 16 0
1 4557450 32 0
1 4598458 32 0
0 6754240 16 0
1 5329490 8 0
0 6893856 16 0
0 6209280 16 0
1 4532226 8 0
0 6209264 16 0
1 4601074 8 0
1 4529610 8 0
0 7169584 16 0
0 7076064 64 0
1 4601226 32 0
1 5395530 16 0
1 4707730 8 0
0 7076128 64 0
1 4651138 8 0
1 4580986 32 0
0 6433120 16 0
0 6762112 16 0
1 4647874 32 0
0 6219008 16 0
1 4752570 8 0
0 364592 16 0
1 5387834 32 0
0 4314416 16 0
1 4582562 32 0
0 6754784 16 0
0 6437584 16 0
0 7786800 64 0
0 5427536 16 0
1 5436050 8 0
2 7375359 8 0
2 7375367 8 0
2 7375375 8 0
2 7375383 8 0
2 7375391 8 0
2 7375399 8 0
2 7375407 8 0
2 7375415 8 0
2 7375423 8 0
2 7375431 8 0
2 7375439 8 0
2 7375447 8 0
2 7375455 8 0
2 7375463 8 0
2 7375471 8 0
2 7375479 8 0
2 7375487 8 0
2 7375495 8 0
2 7375503 8 0
2 7375511 8 0
2 7375527 8 0
2 7375535 8 0
2 7375543 8 0
2 7375559 8 0
2 7375567 8 0
2 7375575 8 0
2 7375583 8 0
2 7375591 8 0
2 7375599 8 0
2 7375607 8 0
2 7375615 8 0
2 7375623 8 0
2 7375631 8 0
2 7375639 8 0
2 7375647 8 0
2 7375655 8 0
2 7375679 8 0
2 7375711 8 0
2 7375719 8 0
2 7375727 8 0
2 7375735 8 0
2 7375743 8 0
2 7375751 8 0
2 7375759 8 0
2 7375767 8 0
2 7375775 8 0
2 7375783 8 0
2 7375791 8 0
2 7375799 8 0
2 7375807 8 0
2 7375815 8 0
2 7375823 8 0
2 7375831 8 0
2 7375839 8 0
2 7375847 8 0
2 7375855 8 0
2 7375863 8 0
2 7102943 8 0
2 7102951 8 0
2 7102959 8 0
2 7102967 8 0
2 7102975 8 0
2 7102983 8 0
2 7102991 8 0
2 7102999 8 0
2 7103007 8 0
2 7103015 8 0
2 7103023 8 0
2 7103031 8 0
2 7103039 8 0
2 7103047 8 0
2 7103055 8 0
2 7103063 8 0
0 7786864 64 0
1 4647818 32 0
1 4617418 32 0
0 2509520 16 0
0 6897664 16 0
0 6404976 16 0
1 4598290 32 0
1 4598338 40 0
1 4598394 8 0
1 4598410 16 0
1 4598434 24 0
1 6008970 16 0
0 6509936 16 0
0 4314432 64 0
1 4609922 32 0
0 6560480 64 0
0 6560544 64 0
2 7103071 8 0
2 7103079 8 0
2 7103087 8 0
2 7103095 8 0
2 7103103 8 0
2 7103111 8 0
2 7103119 8 0
2 7103127 8 0
2 7103135 8 0
2 7103143 8 0
2 7103151 8 0
2 7103159 8 0
2 7103167 8 0
2 7103175 8 0
2 7103183 8 0
2 7103191 8 0
2 7103199 8 0
2 7103207 8 0
2 7103215 8 0
2 7103223 8 0
2 7103231 8 0
2 7103239 8 0
2 7103247 8 0
2 7103255 8 0
2 7103263 8 0
2 7103271 8 0
2 7103279 8 0
2 7103287 8 0
2 7103295 8 0
2 7103303 8 0
2 7103311 8 0
2 7103319 8 0
2 7103327 8 0
2 7103335 8 0
2 7103343 8 0
2 7103351 8 0
2 7103359 8 0
2 7103367 8 0
2 7103375 8 0
2 7103383 8 0
2 7103391 8 0
2 7103399 8 0
2 7103407 8 0
2 7103415 8 0
2 7103423 8 0
2 7103431 8 0
2 7103439 8 0
2 7103447 8 0
2 7103455 8 0
2 7103463 8 0
2 7103471 8 0
2 7103479 8 0
2 7103487 8 0
2 7103495 8 0
2 7103503 8 0
2 7103511 8 0
2 7103519 8 0
2 7103527 8 0
2 7103535 8 0
2 7103543 8 0
2 7103551 8 0
2 7103559 8 0
2 7103567 8 0
2 7103575 8 0
0 6680208 16 0
0 6755328 16 0
1 4586506 32 0
0 6398560 16 0
0 6996240 16 0
0 6454224 16 0
1 4614530 8 0
0 6558848 16 0
0 6810048 16 0
0 6084912 16 0
0 5928624 16 0
1 5402154 8 0
0 5183360 16 0
0 7618848 16 0
1 5387106 24 0
0 6453248 16 0
0 6287424 16 0
1 4753122 32 0
0 6583488 16 0
0 7618864 64 0
0 7618928 16 0
0 7618976 32 0
1 4619986 8 0
0 6079552 16 0
0 6492432 16 0
0 6558864 16 0
0 6797104 16 0
1 4526266 16 0
0 6376400 16 0
0 2175888 16 0
0 5796544 16 0
1 4622146 32 0
1 4571754 8 0
0 6558880 48 0
0 6528800 16 0
1 5401946 8 0
2 7103583 8 0
2 7103591 8 0
2 7103599 8 0
2 7103607 8 0
2 7103615 8 0
2 7103623 8 0
2 7103631 8 0
2 7103639 8 0
2 7103647 8 0
2 7103655 8 0
2 7103663 8 0
2 7103671 8 0
2 7103679 8 0
2 7103687 8 0
2 7103695 8 0
2 7103703 8 0
2 7103711 8 0
2 7103719 8 0
2 7103727 8 0
2 7103735 8 0
2 7103743 8 0
2 7103751 8 0
2 7103759 8 0
2 7103767 8 0
2 7103775 8 0
2 7103783 8 0
2 7103791 8 0
2 7103799 8 0
2 7103807 8 0
2 7103815 8 0
2 7103823 8 0
2 7103831 8 0
0 94080 64 0
1 5385738 24 0
1 4555722 32 0
0 364608 16 0
0 6570752 16 0
0 4635936 64 0
0 4669888 16 0
0 94144 64 0
1 4650234 16 0
1 4599314 32 0
0 6667168 16 0
0 1980992 16 0
0 637408 16 0
0 6856160 16 0
0 1212464 16 0
0 5764656 16 0
1 4605586 24 0
0 4636000 64 0
1 5436602 16 0
0 7236352 16 0
0 6524192 16 0
0 637424 64 0
0 637488 48 0
1 5385994 32 0
0 5996016 16 0
0 6693456 16 0
0 5836064 16 0
1 4636426 32 0
0 6538704 16 0
1 4759114 32 0
0 6580112 16 0
1 5379082 8 0
0 6120480 16 0
0 5835536 16 0
0 7587120 16 0
1 4641498 32 0
0 51568 16 0
1 4586538 24 0
1 4715498 24 0
0 7111216 16 0
0 5183376 16 0
0 1485488 16 0
1 5436162 8 0
0 6085216 16 0
1 4573122 8 0
1 4757466 24 0
1 4506690 8 0
0 7236368 16 0
0 6185952 16 0
0 6535504 16 0
1 6008986 24 0
0 6556784 16 0
0 2804384 16 0
0 6577008 16 0
1 4620114 32 0
1 4571786 24 0
1 4603434 24 0
0 2024432 16 0
1 5385162 16 0
0 6592944 16 0
0 7236384 64 0
0 7236448 32 0
0 2804400 64 0
1 4713402 16 0
0 6622160 32 0
1 4537834 32 0
0 5579328 16 0
0 1942320 16 0
0 2804464 48 0
1 4651050 32 0
1 5385034 32 0
1 4582786 32 0
0 6885728 16 0
0 6622192 64 0
0 6638736 16 0
0 5343616 64 0
1 5385690 24 0
1 4602234 16 0
0 312336 64 0
0 6813104 16 0
0 6088752 16 0
1 5379114 8 0
1 4573650 24 0
1 5436170 8 0
1 5385450 24 0
1 4634114 32 0
0 6622256 16 0
1 5386186 32 0
1 4651002 16 0
1 4595994 8 0
0 1789200 16 0
1 5379106 8 0
1 5429290 16 0
2 7103839 8 0
2 7103847 8 0
2 7103855 8 0
2 7103863 8 0
2 7103871 8 0
2 7103879 8 0
2 7103887 8 0
2 7103895 8 0
2 7103903 8 0
2 7103911 8 0
2 7103919 8 0
2 7103927 8 0
2 7103935 8 0
2 7103943 8 0
2 7103951 8 0
2 7103959 8 0
2 7103967 8 0
2 7103975 8 0
2 7103983 8 0
2 7103991 8 0
2 7103999 8 0
2 7104007 8 0
2 7104015 8 0
2 7104023 8 0
2 7104031 8 0
2 7104039 8 0
2 7104047 8 0
2 7104055 8 0
2 7104063 8 0
2 7104071 8 0
2 7104079 8 0
2 7104087 8 0
0 6622272 16 0
0 6815808 16 0
1 4650690 32 0
1 4591714 8 0
1 5333554 24 0
0 6408960 16 0
1 4714362 32 0
0 6185968 16 0
0 7299584 64 0
0 7299648 48 0
1 4620042 32 0
0 6555104 16 0
0 6509904 16 0
1 5309730 24 0
0 4330624 64 0
0 4330688 32 0
1 4579626 8 0
0 5513680 16 0
0 6936560 16 0
0 854400 48 0
1 4563930 16 0
0 430560 32 0
0 6185984 16 0
0 2360800 16 0
1 4526538 32 0
2 7104095 8 0
2 7104103 8 0
2 7104111 8 0
2 7104119 8 0
2 7104127 8 0
2 7104135 8 0
2 7104143 8 0
2 7104151 8 0
2 7104159 8 0
2 7104167 8 0
2 7104175 8 0
2 7104183 8 0
2 7104191 8 0
2 7104199 8 0
2 7104207 8 0
2 7104215 8 0
2 7104223 8 0
2 7104231 8 0
2 7104239 8 0
2 7104247 8 0
2 7104255 8 0
2 7104263 8 0
2 7104271 8 0
2 7104279 8 0
2 7104287 8 0
2 7104295 8 0
2 7104303 8 0
2 7104311 8 0
2 7104319 8 0
2 7104327 8 0
2 7104335 8 0
2 7104343 8 0
0 854448 64 0
0 312400 64 0
0 7299696 16 0
1 4581706 32 0
1 4606938 8 0
1 4752954 32 0
0 7555872 64 0
0 6186000 16 0
0 7032384 16 0
1 4646346 8 0
1 5333050 32 0
0 4330720 32 0
1 5385786 24 0
1 5380458 16 0
1 504770 8 0
1 504778 8 0
1 504786 8 0
1 504794 8 0
1 504802 8 0
1 504810 8 0
1 504818 8 0
1 504826 8 0
1 504834 8 0
1 504842 8 0
1 504850 8 0
1 504858 8 0
1 504866 8 0
1 504874 8 0
1 504882 8 0
1 504890 8 0
1 504898 8 0
1 504906 8 0
1 504914 8 0
1 504922 8 0
1 504930 8 0
1 504938 8 0
1 504946 8 0
1 504954 8 0
1 504962 8 0
1 504970 8 0
1 504978 8 0
1 504986 8 0
1 504994 8 0
1 505002 8 0
1 505010 8 0
1 505018 8 0
1 505026 8 0
1 505034 8 0
1 505042 8 0
1 505050 8 0
1 505058 8 0
1 505066 8 0
1 505074 8 0
1 505082 8 0
1 505090 8 0
1 505098 8 0
1 505106 8 0
1 505114 8 0
1 505122 8 0
1 505130 8 0
1 505138 8 0
1 505146 8 0
1 505154 8 0
1 505162 8 0
1 505170 8 0
1 505178 8 0
1 505186 8 0
1 505194 8 0
1 505202 8 0
1 505210 8 0
1 505218 8 0
1 505226 8 0
1 505234 8 0
1 505242 8 0
1 505250 8 0
1 505258 8 0
1 505266 8 0
1 505274 8 0
1 505282 8 0
1 505290 8 0
1 505298 8 0
1 505306 8 0
1 505314 8 0
1 505322 8 0
1 505330 8 0
1 505338 8 0
1 505346 8 0
1 505354 8 0
1 505362 8 0
1 505370 8 0
1 505378 8 0
1 505386 8 0
1 505394 8 0
1 505402 8 0
1 505410 8 0
1 505418 8 0
1 505426 8 0
1 505434 8 0
1 505442 8 0
1 505450 8 0
1 505458 8 0
1 505466 8 0
1 505474 8 0
1 505482 8 0
1 505490 8 0
1 505498 8 0
1 505506 8 0
1 505514 8 0
1 505522 8 0
1 505530 8 0
1 505538 8 0
1 505546 8 0
1 505554 8 0
1 505562 8 0
1 505570 8 0
1 505578 8 0
1 505586 8 0
1 505594 8 0
1 505602 8 0
1 505610 8 0
1 505618 8 0
1 505626 8 0
1 505634 8 0
1 505642 8 0
1 505650 8 0
1 505658 8 0
1 505666 8 0
1 505674 8 0
1 505682 8 0
1 505690 8 0
1 505698 8 0
1 505706 8 0
1 505714 8 0
1 505722 8 0
1 505730 8 0
1 505738 8 0
1 505746 8 0
1 505754 8 0
1 505762 8 0
1 505770 8 0
1 505778 8 0
1 505786 8 0
1 505794 8 0
1 505802 8 0
1 505810 8 0
1 505818 8 0
1 505826 8 0
1 505834 8 0
1 505842 8 0
1 505850 8 0
1 505858 8 0
1 505866 8 0
1 505874 8 0
1 505882 8 0
1 505890 8 0
1 505898 8 0
1 505906 8 0
1 505914 8 0
1 505922 8 0
1 505930 8 0
1 505938 8 0
1 505946 8 0
1 505954 8 0
1 505962 8 0
1 505970 8 0
1 505978 8 0
1 505986 8 0
1 505994 8 0
1 506002 8 0
1 506010 8 0
1 506018 8 0
1 506026 8 0
1 506034 8 0
1 506042 8 0
1 506050 8 0
1 506058 8 0
1 506066 8 0
1 506074 8 0
1 506082 8 0
1 506090 8 0
1 506098 8 0
1 506106 8 0
1 506114 8 0
1 506122 8 0
1 506130 8 0
1 506138 8 0
1 506146 8 0
1 506154 8 0
1 506162 8 0
1 506170 8 0
1 506178 8 0
1 506186 8 0
1 506194 8 0
1 506202 8 0
1 506210 8 0
1 506218 8 0
1 506226 8 0
1 506234 8 0
1 506242 8 0
1 506250 8 0
1 506258 8 0
1 506266 8 0
1 506274 8 0
1 506282 8 0
1 506290 8 0
1 506298 8 0
0 6186016 16 0
1 4562922 8 0
0 7555936 32 0
0 7556000 32 0
0 1488960 16 0
1 4754698 24 0
0 430592 64 0
1 5385882 16 0
0 6186032 16 0
0 6401536 16 0
1 4523674 16 0
1 506306 8 0
0 6295328 16 0
0 204624 16 0
1 5401954 8 0
0 5784480 16 0
0 7297952 16 0
0 7619136 64 0
0 6186048 16 0
0 7397088 16 0
0 7619200 64 0
0 6410592 48 0
0 6586272 16 0
0 6091776 16 0
0 5354240 32 0
0 776768 16 0
0 1439712 48 0
0 864080 16 0
0 6901920 16 0
0 7135056 16 0
1 4573322 32 0
0 6728128 16 0
0 7041744 16 0
0 6739088 16 0
1 4652298 32 0
0 2155392 64 0
0 776784 32 0
0 7256160 16 0
0 2024448 16 0
1 4717266 32 0
0 6214752 16 0
0 1439760 64 0
1 4537402 32 0
0 2421680 48 0
1 4651570 24 0
0 6194832 16 0
1 4528378 32 0
0 7256176 64 0
0 7256240 48 0
1 4632466 8 0
0 2155456 64 0
1 4622362 8 0
0 1439824 16 0
1 4585322 32 0
0 6689344 16 0
0 2024464 16 0
0 6622416 64 0
0 6622480 64 0
1 4597418 32 0
1 4573066 8 0
1 5385714 24 0
0 6631312 16 0
1 5404042 32 0
0 5904480 16 0
2 7104351 8 0
2 7104359 8 0
2 7104367 8 0
2 7104375 8 0
2 7104383 8 0
2 7104391 8 0
2 7104399 8 0
2 7104407 8 0
2 7104415 8 0
2 7104423 8 0
2 7104431 8 0
2 7104439 8 0
2 7104447 8 0
2 7104455 8 0
2 7104463 8 0
2 7104471 8 0
2 7104479 8 0
2 7104487 8 0
2 7104495 8 0
2 7104503 8 0
2 7104511 8 0
2 7104519 8 0
2 7104527 8 0
2 7104535 8 0
2 7104543 8 0
2 7104551 8 0
2 7104559 8 0
2 7104567 8 0
2 7104575 8 0
2 7104583 8 0
2 7104591 8 0
2 7104599 8 0
1 4646890 8 0
0 6260176 16 0
0 6132576 16 0
0 2024480 16 0
1 5411706 16 0
0 6455136 16 0
0 7089888 16 0
1 4559474 32 0
0 2421728 64 0
0 2154672 48 0
0 7069920 16 0
1 4708050 32 0
0 5521088 16 0
0 5603664 16 0
0 6260192 64 0
0 6260256 48 0
1 4713418 32 0
0 6346800 16 0
2 7104607 8 0
2 7104615 8 0
2 7104623 8 0
2 7104631 8 0
2 7104639 8 0
2 7104647 8 0
2 7104655 8 0
2 7104663 8 0
2 7104671 8 0
2 7104679 8 0
2 7104687 8 0
2 7104695 8 0
2 7104703 8 0
2 7104711 8 0
2 7104719 8 0
2 7104727 8 0
2 7104735 8 0
2 7104743 8 0
2 7104751 8 0
2 7104759 8 0
2 7104767 8 0
2 7104775 8 0
2 7104783 8 0
2 7104791 8 0
2 7104799 8 0
2 7104807 8 0
2 7104815 8 0
2 7104823 8 0
2 7104831 8 0
2 7104839 8 0
2 7104847 8 0
2 7104855 8 0
1 4713794 32 0
0 7299968 64 0
0 7300032 64 0
1 4601202 8 0
0 6560896 16 0
0 7090864 16 0
1 4664802 32 0
1 4650250 32 0
0 6344752 16 0
1 4647114 24 0
0 6612336 16 0
1 4759018 32 0
0 6936704 16 0
0 6514784 16 0
0 6341600 16 0
1 4755690 32 0
1 5388842 32 0
0 1976384 16 0
1 4663618 8 0
0 7048272 16 0
0 6723712 16 0
0 6936720 64 0
1 5387418 24 0
0 2154720 64 0
0 2154784 16 0
1 4714890 32 0
0 6936784 48 0
0 6499840 16 0
0 5719904 16 0
0 6540576 16 0
0 2360816 16 0
1 5388666 32 0
1 4645258 32 0
1 5308682 32 0
0 7375584 16 0
0 5787984 16 0
0 6199072 16 0
0 6499856 64 0
0 6499920 16 0
0 7112144 16 0
1 4718218 32 0
0 6755584 16 0
1 4581330 8 0
0 5837632 16 0
1 4598650 16 0
0 2844176 16 0
0 6794816 16 0
0 5565808 16 0
0 204640 64 0
0 204704 16 0
1 5379314 32 0
0 6480848 16 0
0 5436176 16 0
1 4571962 8 0
0 673888 16 0
0 6347888 16 0
0 5565824 64 0
0 5565888 32 0
0 5738848 16 0
0 7226096 16 0
1 4634202 32 0
0 7619488 16 0
0 6301744 16 0
0 2421792 16 0
0 673904 16 0
0 6750704 16 0
1 4616106 32 0
0 7619504 64 0
1 5402034 8 0
0 5526240 16 0
0 2175904 16 0
0 6189888 16 0
1 5387914 24 0
0 6437792 16 0
0 6247968 16 0
0 6702000 16 0
1 4529290 24 0
0 6577760 16 0
0 5796784 16 0
1 4754722 32 0
0 5944112 16 0
0 6359696 16 0
1 4646970 16 0
1 4752586 32 0
0 6824976 16 0
0 1340128 16 0
0 6704368 16 0
1 4561690 8 0
0 6539120 16 0
1 5385498 24 0
0 1212480 16 0
0 787712 16 0
0 1340144 64 0
0 1340208 48 0
0 6739904 16 0
1 4601690 32 0
0 370720 16 0
0 7165760 16 0
0 6494560 16 0
1 4596258 8 0
0 7052544 16 0
1 5406506 32 0
2 7104863 8 0
2 7104871 8 0
2 7104879 8 0
2 7104887 8 0
2 7104895 8 0
2 7104903 8 0
2 7104911 8 0
2 7104919 8 0
2 7104927 8 0
2 7104935 8 0
2 7104943 8 0
2 7104951 8 0
2 7104959 8 0
2 7104967 8 0
2 7104975 8 0
2 7104983 8 0
2 7104991 8 0
2 7104999 8 0
2 7105007 8 0
2 7105015 8 0
2 7105023 8 0
2 7105031 8 0
2 7105039 8 0
2 7105047 8 0
2 7105055 8 0
2 7105063 8 0
2 7105071 8 0
2 7105079 8 0
2 7105087 8 0
2 7105095 8 0
2 7105103 8 0
2 7105111 8 0
0 2481536 64 0
0 2481600 16 0
2 7105119 8 0
2 7105127 8 0
2 7105135 8 0
2 7105143 8 0
2 7105151 8 0
2 7105159 8 0
2 7105167 8 0
2 7105175 8 0
2 7105183 8 0
2 7105191 8 0
2 7105199 8 0
2 7105207 8 0
2 7105215 8 0
2 7105223 8 0
2 7105231 8 0
2 7105239 8 0
2 7105247 8 0
2 7105255 8 0
2 7105263 8 0
2 7105271 8 0
2 7105279 8 0
2 7105287 8 0
2 7105295 8 0
2 7105303 8 0
2 7105311 8 0
2 7105319 8 0
2 7105327 8 0
2 7105335 8 0
2 7105343 8 0
2 7105351 8 0
2 7105359 8 0
2 7105367 8 0
0 6739792 16 0
0 3457680 16 0
0 7052560 32 0
0 1711216 16 0
1 4707474 24 0
1 4616362 32 0
0 7129456 16 0
0 2055088 64 0
0 2055152 16 0
0 1711232 64 0
0 1711296 32 0
1 4600874 24 0
0 2481616 48 0
1 4651146 32 0
0 370736 32 0
1 4560074 32 0
0 6429248 16 0
1 4530506 32 0
0 2055168 48 0
0 1828816 64 0
0 1828880 48 0
1 4530938 16 0
0 6427328 16 0
1 4753434 32 0
1 4704066 8 0
1 4636562 8 0
1 4636666 8 0
1 4636690 32 0
1 4530970 24 0
0 511648 48 0
0 6203664 16 0
1 5387130 32 0
0 318480 32 0
0 6221248 16 0
0 7249344 16 0
0 1828928 16 0
1 5384834 32 0
0 6028704 48 0
0 1212496 64 0
0 1212560 32 0
0 7010480 16 0
1 4615378 32 0
0 2844192 16 0
1 4647610 24 0
0 7015968 16 0
0 7010496 32 0
1 4587154 24 0
1 4587186 160 0
0 1460960 64 0
0 1461024 16 0
1 4574074 16 0
0 6892608 16 0
1 5387810 24 0
0 318512 64 0
0 6183184 16 0
0 2496256 64 0
0 2496320 48 0
0 1461040 48 0
0 2844208 16 0
1 4609722 16 0
0 7721200 16 0
1 4602066 24 0
0 318576 32 0
1 4561698 8 0
1 4650122 32 0
0 2496368 16 0
1 4710010 24 0
1 4601386 8 0
0 6182960 16 0
0 2175920 16 0
0 2175936 64 0
1 5387562 16 0
1 4526602 24 0
0 7673600 16 0
0 2844224 16 0
2 7105375 8 0
2 7105383 8 0
2 7105391 8 0
2 7105399 8 0
2 7105407 8 0
2 7105415 8 0
2 7105423 8 0
2 7105431 8 0
2 7105439 8 0
2 7105447 8 0
2 7105455 8 0
2 7105463 8 0
2 7105471 8 0
2 7105479 8 0
2 7105487 8 0
2 7105495 8 0
2 7105503 8 0
2 7105511 8 0
2 7105519 8 0
2 7105527 8 0
2 7105535 8 0
2 7105543 8 0
2 7105551 8 0
2 7105559 8 0
2 7105567 8 0
2 7105575 8 0
2 7105583 8 0
2 7105591 8 0
2 7105599 8 0
2 7105607 8 0
2 7105615 8 0
2 7105623 8 0
1 4647490 24 0
0 6765264 16 0
1 4632202 32 0
0 2176000 48 0
0 7266672 16 0
1 4650586 32 0
0 6778384 16 0
0 6087984 16 0
1 4570346 32 0
0 6206848 16 0
1 5411018 16 0
0 2819424 48 0
0 7644640 64 0
0 7644704 64 0
0 7510400 16 0
1 4629442 8 0
1 5380138 16 0
0 2481664 16 0
0 7047024 16 0
1 4617882 32 0
0 6206912 16 0
1 5387690 24 0
1 4717986 8 0
0 7510416 32 0
0 2481680 64 0
0 2481744 48 0
0 2426544 32 0
1 4703074 32 0
1 4602842 16 0
0 2426576 64 0
0 7090848 16 0
1 4564178 32 0
0 6527568 16 0
1 5402138 16 0
1 4646266 32 0
0 2426640 32 0
1 4647634 32 0
1 4643538 32 0
1 4560434 32 0
0 673744 16 0
1 4636370 8 0
1 4573706 32 0
0 1461088 16 0
1 4704650 24 0
0 6778752 16 0
0 2476688 16 0
0 7005424 16 0
1 4710034 24 0
1 4606946 8 0
1 4664698 8 0
0 6103312 16 0
0 356528 64 0
0 356592 64 0
1 5388522 32 0
1 4573018 24 0
0 6244160 16 0
0 6566256 16 0
1 4754602 16 0
0 6499312 16 0
0 7115808 16 0
1 4571626 32 0
1 5380154 32 0
0 7202848 16 0
1 4601066 8 0
0 5468880 16 0
1 4738322 32 0
1 4543594 16 0
0 6874672 16 0
1 4606418 32 0
0 7070880 16 0
0 5861568 16 0
0 6444112 16 0
1 4562122 32 0
0 6158064 16 0
0 7058848 16 0
0 2476704 48 0
1 5333418 24 0
0 6067200 16 0
2 7105631 8 0
2 7105639 8 0
2 7105647 8 0
2 7105655 8 0
2 7105663 8 0
2 7105671 8 0
2 7105679 8 0
2 7105687 8 0
2 7105695 8 0
2 7105703 8 0
2 7105711 8 0
2 7105719 8 0
2 7105727 8 0
2 7105735 8 0
2 7105743 8 0
2 7105751 8 0
2 7105759 8 0
2 7105767 8 0
2 7105775 8 0
2 7105783 8 0
2 7105791 8 0
2 7105799 8 0
2 7105807 8 0
2 7105815 8 0
2 7105823 8 0
2 7105831 8 0
2 7105839 8 0
2 7105847 8 0
2 7105855 8 0
2 7105863 8 0
2 7105871 8 0
2 7105879 8 0
0 6302240 16 0
1 4675498 32 0
1 4616250 24 0
1 4582986 32 0
0 6528352 16 0
0 7545184 16 0
0 5775616 16 0
0 5667360 16 0
1 5294266 16 0
0 6087488 16 0
0 6836864 16 0
1 4615818 32 0
1 4615562 32 0
1 4630946 32 0
0 5822576 16 0
1 4757162 32 0
0 5667376 16 0
1 4562890 8 0
2 7105887 8 0
2 7105895 8 0
2 7105903 8 0
2 7105911 8 0
2 7105919 8 0
2 7105927 8 0
2 7105935 8 0
2 7105943 8 0
2 7105951 8 0
2 7105959 8 0
2 7105967 8 0
2 7105975 8 0
2 7105983 8 0
2 7105991 8 0
2 7105999 8 0
2 7106007 8 0
2 7106015 8 0
2 7106023 8 0
2 7106031 8 0
2 7106039 8 0
2 7106047 8 0
2 7106055 8 0
2 7106063 8 0
2 7106071 8 0
2 7106079 8 0
2 7106087 8 0
2 7106095 8 0
2 7106103 8 0
2 7106111 8 0
2 7106119 8 0
2 7106127 8 0
2 7106135 8 0
0 6834480 16 0
1 4645698 32 0
1 4526506 32 0
0 6522480 16 0
1 4559770 16 0
0 7917664 48 0
0 5853584 16 0
1 4752810 32 0
1 4573058 8 0
0 6955824 16 0
1 4564482 32 0
1 4590602 32 0
0 6955280 16 0
0 5613600 16 0
1 5384874 32 0
0 5536960 16 0
1 4755786 32 0
0 5613584 16 0
1 4525298 24 0
1 5384970 24 0
0 6782672 16 0
1 4647202 8 0
0 6952496 16 0
0 6241840 16 0
1 4756362 32 0
0 7102608 16 0
1 5399114 32 0
0 5610592 16 0
0 6877600 16 0
1 4579650 32 0
0 6231136 16 0
0 6874304 16 0
0 5523440 16 0
1 4707722 8 0
0 7102880 16 0
0 5603024 16 0
1 4564738 8 0
0 5603008 16 0
1 5387290 16 0
0 7102896 16 0
1 5378778 16 0
0 7164480 16 0
1 5387882 32 0
1 4602274 32 0
0 7163744 16 0
0 5517776 16 0
1 4603514 8 0
1 4532290 8 0
0 6820912 16 0
0 4659488 16 0
0 6019952 16 0
1 4582442 32 0
0 6047504 16 0
0 5492352 16 0
1 4622394 16 0
0 6493968 16 0
0 5539056 16 0
0 5612560 16 0
0 5387968 16 0
1 4714962 32 0
0 5612576 16 0
0 5612608 16 0
1 5387354 16 0
0 6557712 16 0
0 6109248 16 0
1 5401482 32 0
1 5410442 32 0
0 6623040 16 0
0 6499680 16 0
1 4759770 32 0
0 1141616 16 0
0 6499696 16 0
0 5505040 16 0
1 5377690 32 0
1 4756938 16 0
0 1141680 16 0
1 4586562 32 0
0 6206112 16 0
0 6535056 16 0
0 6808480 16 0
1 4564930 8 0
1 5411002 16 0
1 4752578 8 0
0 6535072 32 0
0 6535200 32 0
0 6619904 16 0
1 4537378 24 0
0 6785488 16 0
0 6204432 16 0
0 6444512 16 0
2 7106143 8 0
2 7106151 8 0
2 7106159 8 0
2 7106167 8 0
2 7106175 8 0
2 7106183 8 0
2 7106191 8 0
2 7106199 8 0
2 7106207 8 0
2 7106215 8 0
2 7106223 8 0
2 7106231 8 0
2 7106239 8 0
2 7106247 8 0
2 7106255 8 0
2 7106263 8 0
2 7106271 8 0
2 7106279 8 0
2 7106287 8 0
2 7106295 8 0
2 7106303 8 0
2 7106311 8 0
2 7106319 8 0
2 7106327 8 0
2 7106335 8 0
2 7106343 8 0
2 7106351 8 0
2 7106359 8 0
2 7106367 8 0
2 7106375 8 0
2 7106383 8 0
2 7106391 8 0
1 4573442 8 0
0 6496000 16 0
1 5403386 32 0
0 7546576 16 0
0 6808784 16 0
1 4756082 24 0
0 6736544 16 0
1 4754834 24 0
1 4717634 32 0
0 5540528 16 0
1 5386154 24 0
0 6776928 64 0
0 6776992 16 0
0 6777024 32 0
1 4752994 32 0
0 3467760 16 0
0 6771984 16 0
1 4520994 32 0
0 6762208 16 0
1 4525322 32 0
0 6786896 16 0
0 3467776 32 0
0 3467904 32 0
1 4633146 32 0
2 7106399 8 0
2 7106407 8 0
2 7106415 8 0
2 7106423 8 0
2 7106431 8 0
2 7106439 8 0
2 7106447 8 0
2 7106455 8 0
2 7106463 8 0
2 7106471 8 0
2 7106479 8 0
2 7106487 8 0
2 7106495 8 0
2 7106503 8 0
2 7106511 8 0
2 7106519 8 0
2 7106527 8 0
2 7106535 8 0
2 7106543 8 0
2 7106551 8 0
2 7106559 8 0
2 7106567 8 0
2 7106575 8 0
2 7106583 8 0
2 7106591 8 0
2 7106599 8 0
2 7106607 8 0
2 7106615 8 0
2 7106623 8 0
2 7106631 8 0
2 7106639 8 0
2 7106647 8 0
0 4994128 16 0
1 4530346 8 0
0 6723008 64 0
0 6723072 32 0
1 5388426 24 0
1 4587122 8 0
0 6723104 32 0
1 4641298 32 0
0 5225520 16 0
1 4755002 32 0
1 4620346 16 0
0 6111120 16 0
1 4715786 32 0
0 7387456 64 0
0 2476752 64 0
1 5309770 16 0
0 7087424 16 0
0 4001536 16 0
0 2476816 64 0
1 5402194 8 0
0 7168096 16 0
0 6691024 16 0
0 1141744 16 0
0 977152 16 0
1 4606370 32 0
0 6177472 16 0
0 5225536 16 0
1 4571666 8 0
0 7168112 32 0
0 1141824 16 0
0 6537696 16 0
0 7111136 16 0
1 4532570 32 0
1 4543578 16 0
0 1096416 48 0
0 7382336 32 0
1 4532066 8 0
1 4573946 32 0
0 976816 16 0
0 3212768 16 0
0 936672 48 0
1 4630986 16 0
0 6226704 16 0
0 1096464 64 0
0 2435760 16 0
0 936720 64 0
1 4631050 32 0
1 4564834 32 0
0 7221168 16 0
0 5516064 16 0
1 5436362 32 0
0 6747040 16 0
0 934608 48 0
0 5546176 16 0
1 4702970 32 0
0 1856320 16 0
1 4602682 24 0
0 6217728 16 0
0 936784 16 0
1 4598090 32 0
0 7092112 16 0
0 4004752 16 0
1 4651714 24 0
0 5592928 16 0
0 4004944 16 0
0 883424 16 0
0 7394976 16 0
1 4715466 32 0
0 275232 16 0
1 4585546 32 0
0 5777808 16 0
0 6524896 16 0
1 5386050 32 0
0 6793072 16 0
0 493152 48 0
0 4004992 16 0
0 6927040 16 0
1 4647218 8 0
1 4526258 8 0
0 7205216 16 0
0 7205248 64 0
1 4647426 8 0
0 90112 16 0
1 4760074 32 0
0 6826960 16 0
0 6940192 16 0
1 4604426 32 0
0 4677424 16 0
0 6700976 16 0
1 5385178 16 0
0 4005248 16 0
1 4527978 32 0
0 275248 64 0
0 6821248 16 0
0 663872 16 0
1 4645618 32 0
0 2162240 16 0
0 7101088 16 0
1 4714586 16 0
0 5605456 16 0
1 4715050 8 0
0 2162256 64 0
0 2162320 16 0
1 4521322 16 0
0 6102640 16 0
0 6192224 16 0
1 4645306 32 0
0 493200 64 0
1 4760226 32 0
0 7062480 16 0
0 7037920 16 0
1 4587050 32 0
0 7342544 16 0
0 6397504 16 0
0 4679408 16 0
1 5423234 8 0
0 6794448 16 0
0 7062496 64 0
0 7054624 16 0
1 4664906 16 0
0 7532848 16 0
0 5730160 16 0
1 4604842 16 0
0 3212784 16 0
0 4007648 16 0
2 7106655 8 0
2 7106663 8 0
2 7106671 8 0
2 7106679 8 0
2 7106687 8 0
2 7106695 8 0
2 7106703 8 0
2 7106711 8 0
2 7106719 8 0
2 7106727 8 0
2 7106735 8 0
2 7106743 8 0
2 7106751 8 0
2 7106759 8 0
2 7106767 8 0
2 7106775 8 0
2 7106783 8 0
2 7106791 8 0
2 7106799 8 0
2 7106807 8 0
2 7106815 8 0
2 7106823 8 0
2 7106831 8 0
2 7106839 8 0
2 7106847 8 0
2 7106855 8 0
2 7106863 8 0
2 7106871 8 0
2 7106879 8 0
2 7106887 8 0
2 7106895 8 0
2 7106903 8 0
1 4570498 32 0
0 6891728 16 0
1 4707530 32 0
1 4641538 32 0
0 6584496 16 0
1 4564810 24 0
1 4604682 32 0
1 5324026 32 0
0 1920096 16 0
0 6195344 16 0
0 5549328 16 0
1 4663682 8 0
1 4526682 24 0
0 6957264 16 0
0 5626128 16 0
1 4757130 24 0
1 4647210 8 0
1 5404130 32 0
0 3212800 16 0
0 6195312 16 0
0 7149568 16 0
0 6957248 16 0
0 6195328 16 0
0 6957232 16 0
0 2134720 32 0
0 2941600 16 0
1 4752514 32 0
0 390160 16 0
1 4715402 32 0
1 5381234 24 0
0 5947248 16 0
1 5411050 16 0
0 7157024 16 0
1 5008770 32 0
0 6682656 16 0
0 6268352 16 0
0 361296 64 0
1 4601826 32 0
0 809824 64 0
0 2941632 16 0
0 2134752 64 0
1 4613018 16 0
0 7672224 16 0
0 2941648 48 0
0 2941712 16 0
0 2134816 32 0
0 6119856 16 0
0 6505808 16 0
1 4579642 8 0
1 5378794 16 0
1 5385322 24 0
0 721456 16 0
0 361360 64 0
0 6116000 64 0
0 6116064 32 0
0 7265056 48 0
1 4705450 32 0
0 364832 16 0
0 390176 64 0
0 390240 16 0
0 1920576 16 0
1 5387514 16 0
0 6305888 64 0
0 6305952 16 0
0 721472 16 0
0 721504 32 0
0 7116688 16 0
1 5386426 32 0
1 4571178 32 0
1 4602858 32 0
0 6024832 16 0
1 4565234 24 0
0 2942416 16 0
1 4703554 192 0
0 6797408 16 0
0 2942432 48 0
0 6328368 16 0
1 5333386 24 0
0 1145168 32 0
0 2266144 16 0
1 5309674 16 0
1 4614698 32 0
1 4532482 8 0
0 6430704 16 0
0 1145200 64 0
1 4616026 8 0
0 248512 16 0
1 4638082 32 0
0 1027936 32 0
0 1027984 16 0
0 1028016 32 0
0 2942496 16 0
0 1145264 32 0
1 4574666 32 0
1 4646058 16 0
0 6174800 64 0
1 4717482 32 0
0 1028048 16 0
0 364848 16 0
0 1810976 32 0
1 4581378 24 0
2 7106911 8 0
2 7106919 8 0
2 7106927 8 0
2 7106935 8 0
2 7106943 8 0
2 7106951 8 0
2 7106959 8 0
2 7106967 8 0
2 7106975 8 0
2 7106983 8 0
2 7106991 8 0
2 7106999 8 0
2 7107007 8 0
2 7107015 8 0
2 7107023 8 0
2 7107031 8 0
2 7107039 8 0
2 7107047 8 0
2 7107055 8 0
2 7107063 8 0
2 7107071 8 0
2 7107079 8 0
2 7107087 8 0
2 7107095 8 0
2 7107103 8 0
2 7107111 8 0
2 7107119 8 0
2 7107127 8 0
2 7107135 8 0
2 7107143 8 0
2 7107151 8 0
2 7107159 8 0
0 2266160 64 0
0 2266224 16 0
0 309136 64 0
1 4618570 32 0
0 1811008 64 0
0 2942656 16 0
0 9040 16 0
0 6174864 64 0
1 4603386 24 0
0 364864 48 0
1 5436458 8 0
0 7118896 16 0
1 5406858 32 0
0 53552 64 0
0 1556272 64 0
0 309200 64 0
1 5436042 8 0
0 1921520 16 0
1 4718138 8 0
0 6851200 64 0
0 1921552 16 0
1 4525490 24 0
0 1028160 16 0
1 5387306 32 0
0 53616 64 0
0 1921568 32 0
0 1921616 16 0
0 1028176 16 0
1 5376938 24 0
1 4601570 8 0
0 2637264 16 0
0 6851264 64 0
0 6230096 16 0
1 5388290 24 0
1 4715082 32 0
0 2419008 16 0
1 5385898 32 0
1 4645786 32 0
0 2637296 16 0
0 9072 64 0
0 9136 48 0
1 4573450 32 0
0 6117344 16 0
1 5308442 16 0
0 5555168 16 0
0 2419024 64 0
0 2419088 32 0
1 5385594 24 0
0 7509328 16 0
0 5817504 16 0
0 7171040 64 0
1 4581578 32 0
1 4702170 32 0
0 7262640 64 0
0 7262704 16 0
1 4574370 24 0
0 5813232 16 0
0 360672 64 0
0 7171104 64 0
1 5388714 32 0
2 7107167 8 0
2 7107175 8 0
2 7107183 8 0
2 7107191 8 0
2 7107199 8 0
2 7107207 8 0
2 7107215 8 0
2 7107223 8 0
2 7107231 8 0
2 7107239 8 0
2 7107247 8 0
2 7107255 8 0
2 7107263 8 0
2 7107271 8 0
2 7107279 8 0
2 7107287 8 0
2 7107295 8 0
2 7107303 8 0
2 7107311 8 0
2 7107319 8 0
2 7107327 8 0
2 7107335 8 0
2 7107343 8 0
2 7107351 8 0
2 7107359 8 0
2 7107367 8 0
2 7107375 8 0
2 7107383 8 0
2 7107391 8 0
2 7107399 8 0
2 7107407 8 0
2 7107415 8 0
0 248528 64 0
0 248592 32 0
1 4602746 24 0
0 6112688 16 0
0 2942752 32 0
0 6800976 16 0
1 4619098 32 0
0 330864 16 0
1 4598242 8 0
1 4603506 8 0
0 7427040 64 0
0 360736 64 0
1 5386514 24 0
0 6173008 16 0
0 6175056 64 0
0 3179808 16 0
1 5329290 16 0
1 4601042 8 0
0 6472208 16 0
0 6175120 64 0
1 4555850 32 0
1 4622354 8 0
0 330880 64 0
0 6759504 16 0
1 4526186 24 0
1 4716682 8 0
0 6231056 16 0
1 4757066 32 0
1 4587082 32 0
1 5298650 32 0
0 4007632 16 0
0 6851456 64 0
0 6406816 16 0
0 6406848 64 0
0 6406912 16 0
1 4647514 24 0
0 6759520 16 0
0 6759552 64 0
1 5333610 32 0
0 1922032 16 0
0 1922080 32 0
1 5401914 24 0
0 6851520 64 0
0 330944 48 0
1 5385386 16 0
1 5436194 8 0
0 1922112 32 0
1 5379522 24 0
1 4574642 8 0
1 5385258 24 0
1 4714058 32 0
0 6552224 16 0
0 455600 16 0
0 2637744 16 0
1 5388010 16 0
0 455616 64 0
0 455680 16 0
0 2724576 32 0
0 5764176 64 0
1 4590810 16 0
0 2637856 16 0
0 4680784 16 0
1 4560354 32 0
1 4618962 32 0
1 5385674 16 0
0 3179824 32 0
0 7171296 64 0
1 5388138 32 0
0 7094176 16 0
0 7262720 48 0
1 4616226 24 0
0 5764240 64 0
0 7171360 64 0
1 4665258 32 0
0 2943264 16 0
0 2724608 64 0
1 4709562 32 0
0 3850112 32 0
0 6171392 16 0
0 6439680 64 0
1 4753362 32 0
1 4598250 32 0
0 6139584 16 0
0 6503840 16 0
0 3850144 64 0
0 6439744 64 0
0 5462784 16 0
1 5387530 32 0
0 6498848 16 0
0 2943312 16 0
0 3850208 32 0
1 5380474 32 0
0 5764912 16 0
1 4604954 32 0
0 2943360 16 0
0 1595024 16 0
2 7107423 8 0
2 7107431 8 0
2 7107439 8 0
2 7107447 8 0
2 7107455 8 0
2 7107463 8 0
2 7107471 8 0
2 7107479 8 0
2 7107487 8 0
2 7107495 8 0
2 7107503 8 0
2 7107511 8 0
2 7107519 8 0
2 7107527 8 0
2 7107535 8 0
2 7107543 8 0
2 7107551 8 0
2 7107559 8 0
2 7107567 8 0
2 7107575 8 0
2 7107583 8 0
2 7107591 8 0
2 7107599 8 0
2 7107607 8 0
2 7107615 8 0
2 7107623 8 0
2 7107631 8 0
2 7107639 8 0
2 7107647 8 0
2 7107655 8 0
2 7107663 8 0
2 7107671 8 0
0 2724672 32 0
1 5329538 8 0
0 7157888 16 0
0 1398800 16 0
1 5402042 8 0
1 4529658 8 0
1 5333514 32 0
1 4585474 24 0
0 7120720 16 0
0 6175312 64 0
1 4530546 32 0
0 7144336 16 0
1 4587018 32 0
0 6175376 64 0
0 1718176 16 0
1 4755866 32 0
0 7274928 16 0
0 4793840 16 0
1 5386906 32 0
0 4172128 32 0
0 6648800 16 0
1 5406954 32 0
0 5462800 16 0
0 4172160 64 0
0 6851712 64 0
1 5395354 16 0
0 5635344 16 0
0 2943696 16 0
1 5385114 24 0
0 4172352 32 0
0 6851776 64 0
1 4717546 32 0
0 6759840 16 0
0 416976 16 0
1 6005794 32 0
0 1398816 16 0
0 2024000 16 0
0 6901696 16 0
1 4585258 32 0
1 4702418 32 0
0 6759856 16 0
1 4651690 24 0
1 4629450 24 0
1 4752042 32 0
1 4754618 16 0
0 2638448 16 0
0 1718256 16 0
1 5395274 32 0
1 5380802 32 0
0 6214016 16 0
0 7020432 16 0
1 4570194 32 0
0 6509376 16 0
0 7171520 64 0
0 416992 64 0
1 4620450 32 0
0 5994048 16 0
0 3179984 32 0
0 7171584 32 0
0 7171648 32 0
1 4754554 32 0
2 7107679 8 0
2 7107687 8 0
2 7107695 8 0
2 7107703 8 0
2 7107711 8 0
2 7107719 8 0
2 7107727 8 0
2 7107735 8 0
2 7107743 8 0
2 7107751 8 0
2 7107759 8 0
2 7107767 8 0
2 7107775 8 0
2 7107783 8 0
2 7107791 8 0
2 7107799 8 0
2 7107807 8 0
2 7107815 8 0
2 7107823 8 0
2 7107831 8 0
2 7107839 8 0
2 7107847 8 0
2 7107855 8 0
2 7107863 8 0
2 7107871 8 0
2 7107879 8 0
2 7107887 8 0
2 7107895 8 0
2 7107903 8 0
2 7107911 8 0
2 7107919 8 0
2 7107927 8 0
0 1263360 16 0
0 1922800 16 0
0 6233424 16 0
1 5387642 24 0
0 5451856 16 0
0 3180016 64 0
1 4753202 32 0
0 5764432 64 0
0 5764512 32 0
0 1922816 16 0
0 6305376 16 0
0 1922848 64 0
0 3180080 32 0
0 7170560 16 0
1 4528010 32 0
1 4752778 32 0
0 6305360 16 0
0 7427136 32 0
0 6401760 16 0
0 7041680 16 0
1 4704850 8 0
0 1922960 16 0
0 5814656 16 0
0 5764544 16 0
0 6175568 64 0
0 3850368 32 0
0 6142160 16 0
1 4601002 8 0
0 1595040 16 0
0 2024976 16 0
0 5763088 16 0
0 1922976 64 0
0 5814544 16 0
1 5395690 16 0
0 3850400 64 0
0 2339328 48 0
1 5188490 32 0
0 3850464 32 0
0 5562688 16 0
0 6465392 16 0
0 6175632 64 0
1 4613130 32 0
0 6439936 48 0
1 4586754 32 0
0 6432528 16 0
0 5565280 16 0
0 4680800 64 0
0 7959632 16 0
1 4555914 32 0
0 6440000 48 0
0 6106352 16 0
0 6440048 16 0
1 4603954 32 0
0 6458272 16 0
1 4528914 32 0
0 4172384 32 0
0 6654736 16 0
0 417056 16 0
1 4663402 8 0
0 6808192 16 0
0 639568 32 0
0 639632 64 0
0 5608224 16 0
0 1923936 32 0
0 1924000 64 0
1 4754634 32 0
1 4602658 24 0
0 5651968 16 0
0 1004768 64 0
0 1004832 64 0
0 4172416 64 0
1 4560194 32 0
0 6450208 16 0
1 5378266 24 0
0 4172480 32 0
0 5651856 16 0
0 417072 32 0
0 290976 16 0
1 4620314 24 0
1 5379210 24 0
1 4755746 8 0
0 1719408 16 0
0 6900032 16 0
0 6851968 64 0
0 7453008 16 0
0 6760000 64 0
0 6760064 64 0
1 4617402 16 0
0 2200320 16 0
0 6852032 64 0
1 4570306 8 0
0 6900016 16 0
0 1264000 16 0
1 4704746 32 0
1 4714498 32 0
0 218464 64 0
0 218528 48 0
0 7452992 16 0
0 1264016 64 0
0 1264080 16 0
1 5377658 16 0
0 6191360 16 0
0 364912 32 0
0 2200336 64 0
1 5387594 24 0
0 2200400 48 0
0 218576 16 0
1 4606346 24 0
0 1852288 16 0
1 4542434 32 0
1 5411034 16 0
0 6647024 16 0
0 2284912 16 0
0 6791104 16 0
1 4714578 8 0
1 5386602 32 0
0 6757344 16 0
0 931504 48 0
1 5402210 8 0
1 4704010 32 0
0 931552 64 0
0 6788336 16 0
1 4601802 24 0
0 5764688 48 0
0 6646736 16 0
0 5764768 16 0
0 364944 64 0
0 6424592 16 0
1 5385834 24 0
0 7171776 64 0
0 931616 16 0
0 3773920 16 0
1 4651850 16 0
0 6325168 16 0
0 6035536 16 0
1 5387234 24 0
0 5764784 32 0
0 5544032 16 0
0 5995184 16 0
1 4603298 8 0
0 6757360 16 0
0 7171856 16 0
2 7107935 8 0
2 7107943 8 0
2 7107951 8 0
2 7107959 8 0
2 7107967 8 0
2 7107975 8 0
2 7107983 8 0
2 7107991 8 0
2 7107999 8 0
2 7108007 8 0
2 7108015 8 0
2 7108023 8 0
2 7108031 8 0
2 7108039 8 0
2 7108047 8 0
2 7108055 8 0
2 7108063 8 0
2 7108071 8 0
2 7108079 8 0
2 7108087 8 0
2 7108095 8 0
2 7108103 8 0
2 7108111 8 0
2 7108119 8 0
2 7108127 8 0
2 7108135 8 0
2 7108143 8 0
2 7108151 8 0
2 7108159 8 0
2 7108167 8 0
2 7108175 8 0
2 7108183 8 0
1 4756994 32 0
0 5621792 16 0
0 6440352 16 0
1 4646186 8 0
0 1237952 48 0
0 365008 32 0
0 5943536 16 0
0 7171904 32 0
0 6757376 16 0
0 6469664 16 0
1 5436090 8 0
0 6679296 16 0
0 6652720 16 0
1 4717858 32 0
0 1238000 64 0
0 6322960 16 0
0 3773936 16 0
0 6440384 16 0
1 4614562 8 0
0 1238064 16 0
1 4633482 32 0
0 6757392 48 0
0 2523744 16 0
0 2028608 16 0
1 4581642 32 0
0 6440400 16 0
1 4630866 32 0
0 7195120 16 0
0 6482048 16 0
0 6642736 16 0
0 6630960 16 0
1 4713202 32 0
0 5403776 16 0
0 6950496 16 0
1 4564458 24 0
0 6175824 64 0
0 6175888 32 0
1 4639754 32 0
0 2523760 64 0
0 2782288 48 0
0 5823088 16 0
0 1267424 16 0
1 4605618 8 0
0 5927712 16 0
0 2782336 64 0
1 5436234 24 0
1 4573778 8 0
0 2782400 16 0
0 218592 48 0
0 5822928 16 0
1 4601394 32 0
0 2523824 48 0
1 5385346 24 0
0 218640 64 0
0 5757328 16 0
0 6760352 16 0
1 4522130 32 0
0 6970480 16 0
0 218704 16 0
0 6760416 32 0
1 4701114 32 0
0 3451648 48 0
0 6852224 64 0
0 6852288 16 0
1 4605538 24 0
1 4617554 32 0
2 7108191 8 0
2 7108199 8 0
2 7108207 8 0
2 7108215 8 0
2 7108223 8 0
2 7108231 8 0
2 7108239 8 0
2 7108247 8 0
2 7108255 8 0
2 7108263 8 0
2 7108271 8 0
2 7108279 8 0
2 7108287 8 0
2 7108295 8 0
2 7108303 8 0
2 7108311 8 0
2 7108319 8 0
2 7108327 8 0
2 7108335 8 0
2 7108343 8 0
2 7108351 8 0
2 7108359 8 0
2 7108367 8 0
2 7108375 8 0
2 7108383 8 0
2 7108391 8 0
2 7108399 8 0
2 7108407 8 0
2 7108415 8 0
2 7108423 8 0
2 7108431 8 0
2 7108439 8 0
1 5386114 24 0
0 6760496 16 0
0 598720 16 0
1 4574354 8 0
0 2029136 16 0
1 5008618 32 0
0 598736 32 0
0 6994720 16 0
1 5308650 32 0
0 4680864 48 0
0 6509968 16 0
0 6247392 64 0
0 6247456 16 0
0 5889280 16 0
1 4574410 8 0
1 5386282 32 0
1 4591786 32 0
0 6976064 16 0
2 7108447 8 0
2 7108455 8 0
2 7108463 8 0
2 7108471 8 0
2 7108479 8 0
2 7108487 8 0
2 7108495 8 0
2 7108503 8 0
2 7108511 8 0
2 7108519 8 0
2 7108527 8 0
2 7108535 8 0
2 7108543 8 0
2 7108551 8 0
2 7108559 8 0
2 7108567 8 0
2 7108575 8 0
2 7108583 8 0
2 7108591 8 0
2 7108599 8 0
2 7108607 8 0
2 7108615 8 0
2 7108623 8 0
2 7108631 8 0
2 7108639 8 0
2 7108647 8 0
2 7108655 8 0
2 7108663 8 0
2 7108671 8 0
2 7108679 8 0
2 7108687 8 0
2 7108695 8 0
2 7108703 8 0
2 7108711 8 0
2 7108719 8 0
2 7108727 8 0
2 7108735 8 0
2 7108743 8 0
2 7108751 8 0
2 7108759 8 0
2 7108767 8 0
2 7108775 8 0
2 7108783 8 0
2 7108791 8 0
2 7108799 8 0
2 7108807 8 0
2 7108815 8 0
2 7108823 8 0
2 7108831 8 0
2 7108839 8 0
2 7108847 8 0
2 7108855 8 0
2 7108863 8 0
2 7108871 8 0
2 7108879 8 0
2 7108887 8 0
2 7108895 8 0
2 7108903 8 0
2 7108911 8 0
2 7108919 8 0
2 7108927 8 0
2 7108935 8 0
2 7108943 8 0
2 7108951 8 0
1 4572938 8 0
1 4704874 32 0
0 7342048 64 0
0 7342112 48 0
0 6852320 16 0
0 2288560 16 0
1 5386698 32 0
1 4579954 24 0
0 7228304 16 0
0 3451696 64 0
0 3451760 16 0
2 7108959 8 0
2 7108967 8 0
2 7108975 8 0
2 7108983 8 0
2 7108991 8 0
2 7108999 8 0
2 7109007 8 0
2 7109015 8 0
2 7109023 8 0
2 7109031 8 0
2 7109039 8 0
2 7109047 8 0
2 7109055 8 0
2 7109063 8 0
2 7109071 8 0
2 7109079 8 0
2 7109087 8 0
2 7109095 8 0
2 7109103 8 0
2 7109111 8 0
2 7109119 8 0
2 7109127 8 0
2 7109135 8 0
2 7109143 8 0
1 4601218 8 0
2 7109151 8 0
2 7109159 8 0
2 7109167 8 0
2 7109175 8 0
2 7109183 8 0
2 7109191 8 0
2 7109199 8 0
2 7109207 8 0
2 7109215 8 0
2 7109223 8 0
2 7109231 8 0
2 7109239 8 0
2 7109247 8 0
2 7109255 8 0
2 7109263 8 0
2 7109271 8 0
2 7109279 8 0
2 7109287 8 0
2 7109295 8 0
2 7109303 8 0
2 7109311 8 0
2 7109319 8 0
2 7109327 8 0
2 7109335 8 0
2 7109343 8 0
2 7109351 8 0
2 7109359 8 0
2 7109367 8 0
2 7109375 8 0
2 7109383 8 0
2 7109391 8 0
2 7109399 8 0
2 7109407 8 0
2 7109415 8 0
2 7109423 8 0
2 7109431 8 0
2 7109439 8 0
2 7109447 8 0
2 7109455 8 0
2 7109463 8 0
1 4602122 32 0
0 6958768 64 0
0 6958832 64 0
0 6834208 16 0
1 4714858 8 0
0 6003440 16 0
0 1720336 16 0
1 4601330 24 0
1 4591050 24 0
0 2288736 16 0
1 5436338 8 0
1 4647562 24 0
0 6892224 16 0
0 3814864 64 0
0 3814928 48 0
1 4518138 16 0
2 7109471 8 0
2 7109479 8 0
2 7109487 8 0
2 7109495 8 0
2 7109503 8 0
2 7109511 8 0
2 7109519 8 0
2 7109527 8 0
2 7109535 8 0
2 7109543 8 0
2 7109551 8 0
2 7109559 8 0
2 7109567 8 0
2 7109575 8 0
2 7109583 8 0
2 7109591 8 0
2 7109599 8 0
2 7109607 8 0
2 7109615 8 0
2 7109623 8 0
2 7109631 8 0
2 7109639 8 0
2 7109647 8 0
2 7109655 8 0
2 7109663 8 0
2 7109671 8 0
2 7109679 8 0
2 7109687 8 0
2 7109695 8 0
2 7109703 8 0
2 7109711 8 0
2 7109719 8 0
2 7109727 8 0
2 7109735 8 0
2 7109743 8 0
2 7109751 8 0
2 7109759 8 0
2 7109767 8 0
2 7109775 8 0
2 7109783 8 0
2 7109791 8 0
2 7109799 8 0
2 7109807 8 0
2 7109815 8 0
2 7109823 8 0
2 7109831 8 0
2 7109839 8 0
2 7109847 8 0
2 7109855 8 0
2 7109879 8 0
2 7109887 8 0
2 7109895 8 0
2 7109903 8 0
2 7109911 8 0
2 7109919 8 0
2 7109927 8 0
2 7109935 8 0
2 7109943 8 0
2 7109967 8 0
2 7109975 8 0
2 1412087 8 0
2 1412103 8 0
2 1412111 8 0
2 1412119 8 0
2 1412127 8 0
2 1412135 8 0
2 1412143 8 0
0 1533904 16 0
0 5459712 16 0
1 4651434 32 0
0 7172032 64 0
0 7172096 48 0
0 7333232 16 0
1 5299818 32 0
0 6808928 16 0
0 3774048 48 0
0 5765072 64 0
0 5765136 48 0
1 4713306 32 0
0 2943392 16 0
0 2943424 16 0
0 396896 16 0
0 3774096 48 0
0 3774176 16 0
0 6155120 16 0
0 1533920 64 0
2 1412151 8 0
2 1412159 8 0
2 1412167 8 0
2 1412175 8 0
2 1412183 8 0
2 1412191 8 0
2 1412199 8 0
2 1412207 8 0
2 1412215 8 0
2 1412223 8 0
2 1412231 8 0
2 1412239 8 0
2 1412247 8 0
2 1412255 8 0
2 1412263 8 0
2 1412271 8 0
2 1412279 8 0
2 1412287 8 0
2 1412295 8 0
2 1412303 8 0
2 1412311 8 0
2 1412319 8 0
2 1412327 8 0
2 1412335 8 0
2 1412343 8 0
2 1412351 8 0
2 1412359 8 0
2 1412367 8 0
2 1412375 8 0
2 1412383 8 0
2 1412391 8 0
2 1412399 8 0
2 1412407 8 0
2 1412415 8 0
2 1412423 8 0
2 1412431 8 0
2 1412439 8 0
2 1412447 8 0
2 1412455 8 0
2 1412463 8 0
2 1412471 8 0
2 1412479 8 0
2 1412487 8 0
2 1412495 8 0
2 1412503 8 0
2 1412511 8 0
2 1412519 8 0
2 1412527 8 0
2 1412535 8 0
2 1412543 8 0
2 1412551 8 0
2 1412559 8 0
2 1412567 8 0
2 1412575 8 0
2 1412583 8 0
2 1412591 8 0
2 1412599 8 0
2 1412607 8 0
2 1412615 8 0
2 1412623 8 0
2 1412631 8 0
2 1412639 8 0
2 1412647 8 0
2 1412655 8 0
2 1412663 8 0
2 1412671 8 0
2 1412679 8 0
2 1412687 8 0
2 1412695 8 0
2 1412703 8 0
2 1412711 8 0
2 1412719 8 0
2 1412727 8 0
2 1412735 8 0
2 1412743 8 0
2 1412751 8 0
2 1412759 8 0
2 1412767 8 0
2 1412775 8 0
2 1412783 8 0
1 4647058 24 0
0 330992 32 0
0 3774192 16 0
0 7172144 16 0
1 4585578 32 0
0 7011536 16 0
0 1122144 32 0
0 6808960 16 0
1 5384810 24 0
0 6837632 16 0
0 1268320 64 0
0 136816 16 0
1 4565370 192 0
0 7011552 64 0
0 7011616 16 0
0 1533984 48 0
0 6490592 16 0
0 5765680 16 0
0 2029664 16 0
0 6440592 16 0
2 1412791 8 0
2 1412799 8 0
2 1412807 8 0
2 1412815 8 0
2 1412823 8 0
2 1412831 8 0
2 1412839 8 0
2 1412847 8 0
2 1412855 8 0
2 1412863 8 0
2 1412871 8 0
2 1412879 8 0
2 1412887 8 0
2 1412895 8 0
2 1412903 8 0
2 1412911 8 0
2 1412919 8 0
2 1412927 8 0
2 1412935 8 0
2 1412943 8 0
2 1412951 8 0
2 1412959 8 0
2 1412967 8 0
2 1412975 8 0
2 1412983 8 0
2 1412991 8 0
2 1412999 8 0
2 1413007 8 0
2 1413015 8 0
2 1413023 8 0
2 1413031 8 0
2 1413039 8 0
1 4529994 32 0
0 6466800 16 0
1 4647242 32 0
0 6118864 16 0
0 2782544 48 0
0 5243904 16 0
1 4647234 8 0
1 4649818 32 0
0 6440608 16 0
0 6440640 64 0
1 5388218 24 0
0 6465216 16 0
0 2782592 64 0
1 5378770 8 0
0 1983408 16 0
0 48224 64 0
0 6599792 16 0
0 1122176 64 0
1 5378242 24 0
0 1304672 64 0
0 1304736 48 0
0 1009376 16 0
0 6994736 16 0
1 4614666 32 0
0 6999344 16 0
0 48288 64 0
1 5436178 8 0
0 6585344 16 0
1 4606186 24 0
0 1304784 16 0
0 6768736 32 0
0 1724800 16 0
1 4562906 8 0
2 1413047 8 0
2 1413055 8 0
2 1413063 8 0
2 1413071 8 0
2 1413079 8 0
2 1413087 8 0
2 1413095 8 0
2 1413103 8 0
2 1413111 8 0
2 1413119 8 0
2 1413127 8 0
2 1413135 8 0
2 1413143 8 0
2 1413151 8 0
2 1413159 8 0
2 1413167 8 0
2 1413175 8 0
2 1413183 8 0
2 1413191 8 0
2 1413199 8 0
2 1413207 8 0
2 1413215 8 0
2 1413223 8 0
2 1413231 8 0
2 1413239 8 0
2 1413247 8 0
2 1413255 8 0
2 1413263 8 0
2 1413271 8 0
2 1413279 8 0
2 1413287 8 0
2 1413295 8 0
1 5378306 8 0
1 4585754 32 0
1 4601978 16 0
0 1852304 16 0
0 529568 16 0
1 4581418 32 0
0 1724816 32 0
0 5243920 16 0
1 4639626 32 0
0 6994752 32 0
0 760880 64 0
0 6279232 16 0
0 1922768 16 0
0 760944 64 0
1 4573194 32 0
1 5385858 24 0
0 6056592 16 0
0 6768768 64 0
0 7145536 16 0
0 2019648 16 0
0 6949632 16 0
1 4646154 8 0
0 3627440 16 0
1 4646026 32 0
1 5436474 8 0
1 4527970 8 0
0 529584 64 0
0 6438400 16 0
0 7024784 16 0
0 6502608 16 0
0 2019664 64 0
0 2019728 32 0
1 4531074 8 0
0 6839968 16 0
0 2290208 16 0
0 6818336 16 0
1 5293706 32 0
2 1413303 8 0
2 1413311 8 0
2 1413319 8 0
2 1413327 8 0
2 1413335 8 0
2 1413343 8 0
2 1413351 8 0
2 1413359 8 0
2 1413367 8 0
2 1413375 8 0
2 1413383 8 0
2 1413391 8 0
2 1413399 8 0
2 1413407 8 0
2 1413415 8 0
2 1413423 8 0
2 1413431 8 0
2 1413439 8 0
2 1413447 8 0
2 1413455 8 0
2 1413463 8 0
2 1413471 8 0
2 1413479 8 0
2 1413487 8 0
2 1413495 8 0
2 1413503 8 0
2 1413511 8 0
2 1413519 8 0
2 1413527 8 0
2 1413535 8 0
2 1413543 8 0
2 1413551 8 0
0 6760656 16 0
0 6602192 16 0
0 6932192 16 0
1 5378842 32 0
1 4618426 32 0
0 2636160 16 0
0 6760720 32 0
0 6317584 16 0
0 6932208 64 0
0 529648 48 0
0 6512256 16 0
1 4715450 16 0
0 480800 16 0
0 1067360 64 0
1 4615514 32 0
0 2290272 16 0
0 7837488 16 0
0 1067424 64 0
2 1413559 8 0
2 1413567 8 0
2 1413575 8 0
2 1413583 8 0
2 1413591 8 0
2 1413599 8 0
2 1413607 8 0
2 1413615 8 0
1 4646922 32 0
0 5905008 16 0
0 6768832 32 0
1 4564426 32 0
1 4756170 32 0
0 2580192 16 0
0 7837504 32 0
0 7176000 16 0
0 1852320 16 0
1 5309938 32 0
0 1269616 16 0
0 6499424 16 0
0 5637808 16 0
0 7166944 16 0
1 4703482 16 0
1 4574754 8 0
0 2325376 64 0
0 2325440 64 0
0 6755472 16 0
0 6499440 64 0
0 6499504 48 0
0 1269632 64 0
0 1269696 32 0
1 4715058 8 0
0 6624880 16 0
0 5765328 32 0
0 7993440 32 0
0 7993504 16 0
0 6905008 16 0
1 5403274 32 0
0 6649552 16 0
1 4596018 8 0
0 5689824 16 0
1 4649906 32 0
0 6310368 16 0
1 4529266 24 0
0 5765360 32 0
0 5765408 16 0
0 7282976 32 0
0 1821008 16 0
0 6395632 16 0
0 6556240 16 0
0 5505920 16 0
0 5765424 32 0
1 5395786 32 0
0 5634592 16 0
0 1269728 16 0
0 6312096 16 0
1 4634362 32 0
0 5543248 16 0
0 7993536 32 0
0 5689840 16 0
0 1269744 64 0
0 1269808 48 0
1 4752618 32 0
0 6533056 16 0
1 4759610 32 0
1 5385146 16 0
0 1304800 64 0
0 1304864 16 0
0 5820240 16 0
1 4707874 32 0
0 6440832 16 0
1 4563978 32 0
0 377664 16 0
0 7511008 16 0
0 6827536 16 0
0 1304880 48 0
1 5436354 8 0
0 5867488 48 0
0 7796672 16 0
2 1414167 8 0
2 1414175 8 0
2 1414399 8 0
1 4618026 32 0
1 5406578 32 0
0 706208 16 0
0 5843936 16 0
0 5735952 16 0
0 6500672 16 0
0 6440864 16 0
0 6440896 16 0
0 6871520 16 0
1 5324330 16 0
0 2290800 16 0
0 7511024 64 0
0 6159696 16 0
0 5380944 16 0
1 4573162 16 0
1 4617674 32 0
0 6094736 16 0
0 7478960 48 0
1 4564714 24 0
0 6919888 16 0
0 6440944 16 0
0 377680 32 0
1 4646322 24 0
0 7208240 16 0
1 4603290 8 0
0 7013056 16 0
0 2019760 64 0
0 2019824 64 0
0 5711616 16 0
0 7208256 64 0
1 4700394 16 0
0 5999296 16 0
2 1414927 8 0
2 1414991 8 0
2 1415311 8 0
2 1415431 8 0
1 4604298 32 0
0 7208320 48 0
0 6760912 16 0
0 1985648 16 0
0 7479008 64 0
1 5436154 8 0
1 4714602 32 0
1 4707498 32 0
1 4525226 32 0
0 7796688 16 0
1 5389362 24 0
2 1415439 8 0
2 1415447 8 0
2 1415487 8 0
2 1415543 8 0
2 1415551 8 0
2 1415799 8 0
0 1011632 16 0
0 6760928 64 0
0 6761088 32 0
1 4532234 32 0
0 1012576 48 0
0 1012640 32 0
1 4561738 32 0
0 7516416 16 0
1 4587130 16 0
0 1012688 16 0
1 5388250 16 0
0 6154192 16 0
1 4601578 32 0
0 7155632 16 0
0 1011936 16 0
1 5387666 24 0
0 6013216 16 0
0 1271488 16 0
1 4526210 24 0
0 2325504 64 0
0 5765744 48 0
0 6134704 16 0
1 4611642 32 0
0 7993568 16 0
1 4755362 32 0
0 2325568 16 0
0 7993584 16 0
0 7993632 64 0
1 4614642 24 0
1 4713394 8 0
0 1728128 16 0
0 2325584 48 0
0 5765824 16 0
1 4590570 32 0
0 706224 16 0
0 1987760 16 0
0 7812144 16 0
1 4647098 16 0
0 1013744 16 0
0 706240 16 0
0 706304 32 0
1 4619530 16 0
0 7479072 16 0
0 7516464 32 0
0 6113232 16 0
1 5436202 16 0
1 4617666 8 0
2 1416095 8 0
2 1416167 8 0
2 1416175 8 0
2 1416207 8 0
2 1416311 8 0
2 1416399 8 0
2 1416439 8 0
2 1416447 8 0
2 1416455 8 0
2 1416463 8 0
2 1416471 8 0
2 1416479 8 0
2 1416487 8 0
2 1416495 8 0
2 1416503 8 0
2 1416511 8 0
2 1416519 8 0
2 1416527 8 0
2 1416535 8 0
2 1416543 8 0
2 1416551 8 0
2 1416559 8 0
2 1416567 8 0
2 1416575 8 0
2 1416583 8 0
2 1416591 8 0
2 1416599 8 0
0 6441152 16 0
0 2034240 16 0
0 6322752 16 0
1 4601018 8 0
0 1663024 32 0
0 1663088 16 0
0 1304928 64 0
0 6441168 32 0
1 5329514 24 0
0 1304992 64 0
0 6322768 16 0
1 4532298 32 0
1 4664922 16 0
0 1822672 16 0
1 4602770 32 0
0 1012720 16 0
1 4637626 32 0
1 4637722 40 0
1 4637770 8 0
1 4637794 24 0
0 1272928 16 0
0 6594656 16 0
0 1012736 16 0
1 5333130 24 0
0 1012768 16 0
0 1012800 32 0
1 4755722 24 0
0 7428704 16 0
1 4632474 8 0
0 970896 16 0
2 1416607 8 0
2 1416615 8 0
2 1416623 8 0
2 1416631 8 0
2 1416639 8 0
2 1416647 8 0
2 1416655 8 0
2 1416663 8 0
2 1416671 8 0
2 1416679 8 0
2 1416687 8 0
2 1416695 8 0
2 1416703 8 0
2 1416711 8 0
2 1416719 8 0
2 1416727 8 0
2 1416735 8 0
2 1416743 8 0
2 1416751 8 0
2 1416759 8 0
2 1416767 8 0
2 1416775 8 0
2 1416783 8 0
2 1416791 8 0
2 1416799 8 0
2 1416807 8 0
2 1416815 8 0
2 1416823 8 0
2 1416831 8 0
2 1416839 8 0
2 1416847 8 0
2 1416855 8 0
2 1416863 8 0
2 1416871 8 0
2 1416879 8 0
2 1416887 8 0
2 1416895 8 0
2 1416903 8 0
2 1416911 8 0
2 1416919 8 0
2 1416927 8 0
2 1416935 8 0
2 1416943 8 0
2 1416951 8 0
2 1416959 8 0
2 1416967 8 0
2 1416975 8 0
2 1416983 8 0
2 1416991 8 0
2 1416999 8 0
2 1417007 8 0
2 1417015 8 0
2 1417023 8 0
2 1417031 8 0
2 1417039 8 0
2 1417047 8 0
2 1417055 8 0
2 1417063 8 0
2 1417071 8 0
2 1417079 8 0
2 1417087 8 0
2 1417095 8 0
2 1417103 8 0
2 1417111 8 0
0 7786464 48 0
1 5388090 24 0
0 6761152 16 0
1 5388314 16 0
0 6761168 64 0
1 4586146 32 0
0 2325632 16 0
0 2034560 16 0
1 4585938 32 0
0 6761232 16 0
0 6761344 16 0
0 7993696 48 0
1 4644346 32 0
1 4537874 16 0
2 1417119 8 0
2 1417127 8 0
2 1417135 8 0
2 1417143 8 0
2 1417151 8 0
2 1417159 8 0
2 1417167 8 0
2 1417175 8 0
2 1417183 8 0
2 1417191 8 0
2 1417199 8 0
2 1417207 8 0
2 1417215 8 0
2 1417223 8 0
2 1417231 8 0
2 1417239 8 0
2 1417247 8 0
2 1417255 8 0
2 1417263 8 0
2 1417271 8 0
2 1417279 8 0
2 1417287 8 0
2 1417295 8 0
2 1417303 8 0
2 1417311 8 0
2 1417319 8 0
2 1417327 8 0
2 1417335 8 0
2 1417343 8 0
2 1417351 8 0
2 1417359 8 0
2 1417367 8 0
0 7993760 48 0
1 4631146 32 0
0 1328592 16 0
0 2325648 16 0
0 2325680 16 0
0 2325712 16 0
0 1273264 16 0
1 4603458 32 0
0 7786512 64 0
0 1328608 64 0
1 4756682 32 0
0 6960032 16 0
0 706352 32 0
0 2294208 16 0
0 7786576 16 0
1 4525514 32 0
2 1417375 8 0
2 1417383 8 0
2 1417391 8 0
2 1417399 8 0
2 1417407 8 0
2 1417415 8 0
2 1417423 8 0
2 1417431 8 0
2 1417439 8 0
2 1417447 8 0
2 1417455 8 0
2 1417463 8 0
2 1417471 8 0
2 1417479 8 0
2 1417487 8 0
2 1417495 8 0
2 1417503 8 0
2 1417511 8 0
2 1417519 8 0
2 1417527 8 0
2 1417535 8 0
2 1417543 8 0
2 1417551 8 0
2 1417559 8 0
2 1417567 8 0
2 1417575 8 0
2 1417583 8 0
2 1417591 8 0
2 1417599 8 0
2 1417607 8 0
2 1417615 8 0
2 1417623 8 0
0 1328672 48 0
1 4702938 8 0
0 5947184 16 0
1 4598042 24 0
0 5765968 32 0
0 5766016 16 0
0 6200464 16 0
0 6010272 48 0
1 5387338 16 0
0 480816 16 0
0 7079680 16 0
2 1417631 8 0
2 1417639 8 0
2 1417647 8 0
2 1417655 8 0
2 1417663 8 0
2 1417671 8 0
2 1417679 8 0
2 1417687 8 0
2 1417695 8 0
2 1417703 8 0
2 1417711 8 0
2 1417719 8 0
2 1417727 8 0
2 1417735 8 0
2 1417743 8 0
2 1417751 8 0
2 1417759 8 0
2 1417767 8 0
2 1417775 8 0
2 1417783 8 0
2 1417791 8 0
2 1417799 8 0
2 1417807 8 0
2 1417815 8 0
2 1417823 8 0
2 1417831 8 0
2 1417839 8 0
2 1417847 8 0
2 1417855 8 0
2 1417863 8 0
2 1417871 8 0
2 1417879 8 0
2 1417887 8 0
2 1417895 8 0
2 1417903 8 0
2 1417911 8 0
2 1417919 8 0
2 1417927 8 0
2 1417935 8 0
2 1417943 8 0
2 1417951 8 0
2 1417959 8 0
2 1417967 8 0
2 1417975 8 0
2 1417983 8 0
2 1417991 8 0
2 1417999 8 0
2 1418007 8 0
2 1418015 8 0
2 1418023 8 0
2 1418031 8 0
2 1418039 8 0
2 1418047 8 0
2 1418055 8 0
2 1418063 8 0
2 1418071 8 0
2 1418079 8 0
2 1418087 8 0
2 1418095 8 0
2 1418103 8 0
2 1418111 8 0
2 1418119 8 0
2 1418127 8 0
2 1418135 8 0
1 4565090 32 0
0 1994752 16 0
0 6281472 16 0
0 1273952 64 0
1 5376922 16 0
0 1274016 48 0
1 4638002 32 0
1 4704002 8 0
0 2035344 16 0
0 6418768 16 0
1 4600946 32 0
0 5946928 16 0
0 6010320 64 0
0 6441472 16 0
0 1994768 64 0
1 4603426 8 0
1 4647034 24 0
0 6635936 16 0
0 6947904 16 0
2 1418143 8 0
2 1418151 8 0
2 1418159 8 0
2 1418167 8 0
2 1418175 8 0
2 1418183 8 0
2 1418191 8 0
2 1418199 8 0
2 1418207 8 0
2 1418215 8 0
2 1418223 8 0
2 1418287 8 0
2 1418303 8 0
0 6441488 64 0
1 4608738 32 0
0 6441552 48 0
0 1994832 48 0
0 6010384 16 0
0 6756736 16 0
1 4571618 8 0
0 6512864 16 0
0 5976992 16 0
0 1274640 16 0
1 5380250 32 0
0 6243168 16 0
0 6649792 16 0
1 4537242 16 0
0 6035680 16 0
1 4632490 32 0
1 5407722 8 0
1 5388266 24 0
0 6591072 16 0
0 5945984 16 0
1 671358 8 0
1 671366 8 0
1 671374 8 0
1 671382 8 0
1 671390 8 0
1 671398 8 0
1 671406 8 0
1 671414 8 0
1 671422 8 0
1 671430 8 0
1 671438 8 0
1 671446 8 0
1 671454 8 0
1 671462 8 0
1 671470 8 0
1 671478 8 0
1 671486 8 0
1 671494 8 0
1 671502 8 0
1 671510 8 0
1 671518 8 0
1 671526 8 0
1 671534 8 0
1 671542 8 0
1 671550 8 0
1 671558 8 0
1 671566 8 0
1 671574 8 0
1 671582 8 0
1 671590 8 0
1 671598 8 0
1 671606 8 0
1 671614 8 0
1 671622 8 0
1 671630 8 0
1 671638 8 0
1 671646 8 0
1 671654 8 0
1 671662 8 0
1 671670 8 0
1 671678 8 0
1 671686 8 0
1 671694 8 0
1 671702 8 0
1 671710 8 0
1 671718 8 0
1 671726 8 0
1 671734 8 0
1 671742 8 0
1 671750 8 0
1 671758 8 0
1 671766 8 0
1 671774 8 0
1 671782 8 0
1 671790 8 0
1 671798 8 0
1 671806 8 0
1 671814 8 0
1 671822 8 0
1 671830 8 0
1 671838 8 0
1 671846 8 0
1 671854 8 0
1 671862 8 0
1 671870 8 0
1 671878 8 0
1 671886 8 0
