0 797669 8 0
1 402594 8 0
2 7763391 8 0
1 402602 8 0
1 402610 8 0
1 402618 8 0
2 7763399 8 0
1 402626 8 0
2 7763407 8 0
1 402634 8 0
2 7763415 8 0
1 402642 8 0
2 7763423 8 0
1 402650 8 0
2 7763431 8 0
1 402658 8 0
2 7763439 8 0
2 7763447 8 0
2 7763455 8 0
2 7763463 8 0
2 7763471 8 0
2 7763479 8 0
2 7763487 8 0
2 7763495 8 0
2 7763503 8 0
2 7763511 8 0
2 7763519 8 0
2 7763527 8 0
2 7763535 8 0
2 7763543 8 0
2 7763551 8 0
2 7763559 8 0
2 7763567 8 0
2 7763575 8 0
2 7763583 8 0
2 7763591 8 0
2 7763599 8 0
2 7763607 8 0
2 7763615 8 0
2 7763623 8 0
2 7763631 8 0
2 7763639 8 0
0 3756285 8 0
0 3756293 8 0
0 3756301 8 0
0 3756309 8 0
0 3756317 8 0
0 3756325 8 0
0 3756333 8 0
0 3756341 8 0
0 3756349 8 0
0 3756357 8 0
2 7375103 8 0
2 7375111 8 0
2 7375119 8 0
2 7375127 8 0
2 7375135 8 0
2 7375143 8 0
2 7375151 8 0
2 7375159 8 0
2 7375167 8 0
2 7375175 8 0
2 7375183 8 0
2 7375191 8 0
2 7375199 8 0
2 7375207 8 0
2 7375215 8 0
2 7375223 8 0
2 7375231 8 0
2 7375239 8 0
2 7375247 8 0
2 7375255 8 0
2 7375263 8 0
2 7375271 8 0
2 7375279 8 0
2 7375287 8 0
2 7375295 8 0
2 7375303 8 0
2 7375311 8 0
2 7375319 8 0
2 7375327 8 0
2 7375335 8 0
2 7375343 8 0
2 7375351 8 0
0 3756365 8 0
1 402666 8 0
2 7375359 8 0
2 7375367 8 0
2 7375375 8 0
2 7375383 8 0
2 7375391 8 0
2 7375399 8 0
2 7375407 8 0
2 7375415 8 0
2 7375423 8 0
2 7375431 8 0
2 7375439 8 0
2 7375447 8 0
2 7375455 8 0
2 7375463 8 0
2 7375471 8 0
2 7375479 8 0
2 7375487 8 0
2 7375495 8 0
2 7375503 8 0
2 7375511 8 0
2 7375527 8 0
2 7375535 8 0
2 7375543 8 0
2 7375559 8 0
2 7375567 8 0
2 7375575 8 0
2 7375583 8 0
2 7375591 8 0
2 7375599 8 0
2 7375607 8 0
2 7375615 8 0
2 7375623 8 0
2 7375631 8 0
2 7375639 8 0
2 7375647 8 0
2 7375655 8 0
2 7375679 8 0
2 7375711 8 0
2 7375719 8 0
2 7375727 8 0
2 7375735 8 0
2 7375743 8 0
2 7375751 8 0
2 7375759 8 0
2 7375767 8 0
2 7375775 8 0
2 7375783 8 0
2 7375791 8 0
2 7375799 8 0
2 7375807 8 0
2 7375815 8 0
2 7375823 8 0
2 7375831 8 0
2 7375839 8 0
2 7375847 8 0
2 7375855 8 0
2 7375863 8 0
2 7102943 8 0
2 7102951 8 0
2 7102959 8 0
2 7102967 8 0
2 7102975 8 0
2 7102983 8 0
2 7102991 8 0
2 7102999 8 0
2 7103007 8 0
2 7103015 8 0
2 7103023 8 0
2 7103031 8 0
2 7103039 8 0
2 7103047 8 0
2 7103055 8 0
2 7103063 8 0
2 7103071 8 0
2 7103079 8 0
2 7103087 8 0
2 7103095 8 0
2 7103103 8 0
2 7103111 8 0
2 7103119 8 0
2 7103127 8 0
2 7103135 8 0
2 7103143 8 0
2 7103151 8 0
2 7103159 8 0
2 7103167 8 0
2 7103175 8 0
2 7103183 8 0
2 7103191 8 0
2 7103199 8 0
2 7103207 8 0
2 7103215 8 0
2 7103223 8 0
2 7103231 8 0
2 7103239 8 0
2 7103247 8 0
2 7103255 8 0
2 7103263 8 0
2 7103271 8 0
2 7103279 8 0
2 7103287 8 0
2 7103295 8 0
2 7103303 8 0
2 7103311 8 0
2 7103319 8 0
2 7103327 8 0
2 7103335 8 0
2 7103343 8 0
2 7103351 8 0
2 7103359 8 0
2 7103367 8 0
2 7103375 8 0
2 7103383 8 0
2 7103391 8 0
2 7103399 8 0
2 7103407 8 0
2 7103415 8 0
2 7103423 8 0
2 7103431 8 0
2 7103439 8 0
2 7103447 8 0
2 7103455 8 0
2 7103463 8 0
2 7103471 8 0
2 7103479 8 0
2 7103487 8 0
2 7103495 8 0
2 7103503 8 0
2 7103511 8 0
2 7103519 8 0
2 7103527 8 0
2 7103535 8 0
2 7103543 8 0
2 7103551 8 0
2 7103559 8 0
2 7103567 8 0
2 7103575 8 0
2 7103583 8 0
2 7103591 8 0
2 7103599 8 0
2 7103607 8 0
2 7103615 8 0
2 7103623 8 0
2 7103631 8 0
2 7103639 8 0
2 7103647 8 0
2 7103655 8 0
2 7103663 8 0
2 7103671 8 0
2 7103679 8 0
2 7103687 8 0
2 7103695 8 0
2 7103703 8 0
2 7103711 8 0
2 7103719 8 0
2 7103727 8 0
2 7103735 8 0
2 7103743 8 0
2 7103751 8 0
2 7103759 8 0
2 7103767 8 0
2 7103775 8 0
2 7103783 8 0
2 7103791 8 0
2 7103799 8 0
2 7103807 8 0
2 7103815 8 0
2 7103823 8 0
2 7103831 8 0
1 1591334 48 0
1 1419718 24 0
1 797462 8 0
1 1432926 24 0
2 7103839 8 0
2 7103847 8 0
2 7103855 8 0
2 7103863 8 0
2 7103871 8 0
2 7103879 8 0
2 7103887 8 0
2 7103895 8 0
2 7103903 8 0
2 7103911 8 0
2 7103919 8 0
2 7103927 8 0
2 7103935 8 0
2 7103943 8 0
2 7103951 8 0
2 7103959 8 0
2 7103967 8 0
2 7103975 8 0
2 7103983 8 0
2 7103991 8 0
2 7103999 8 0
2 7104007 8 0
2 7104015 8 0
2 7104023 8 0
2 7104031 8 0
2 7104039 8 0
2 7104047 8 0
2 7104055 8 0
2 7104063 8 0
2 7104071 8 0
2 7104079 8 0
2 7104087 8 0
2 7104095 8 0
2 7104103 8 0
2 7104111 8 0
2 7104119 8 0
2 7104127 8 0
2 7104135 8 0
2 7104143 8 0
2 7104151 8 0
2 7104159 8 0
2 7104167 8 0
2 7104175 8 0
2 7104183 8 0
2 7104191 8 0
2 7104199 8 0
2 7104207 8 0
2 7104215 8 0
2 7104223 8 0
2 7104231 8 0
2 7104239 8 0
2 7104247 8 0
2 7104255 8 0
2 7104263 8 0
2 7104271 8 0
2 7104279 8 0
2 7104287 8 0
2 7104295 8 0
2 7104303 8 0
2 7104311 8 0
2 7104319 8 0
2 7104327 8 0
2 7104335 8 0
2 7104343 8 0
2 7104351 8 0
2 7104359 8 0
2 7104367 8 0
2 7104375 8 0
2 7104383 8 0
2 7104391 8 0
2 7104399 8 0
2 7104407 8 0
2 7104415 8 0
2 7104423 8 0
2 7104431 8 0
2 7104439 8 0
2 7104447 8 0
2 7104455 8 0
2 7104463 8 0
2 7104471 8 0
2 7104479 8 0
2 7104487 8 0
2 7104495 8 0
2 7104503 8 0
2 7104511 8 0
2 7104519 8 0
2 7104527 8 0
2 7104535 8 0
2 7104543 8 0
2 7104551 8 0
2 7104559 8 0
2 7104567 8 0
2 7104575 8 0
2 7104583 8 0
2 7104591 8 0
2 7104599 8 0
2 7104607 8 0
2 7104615 8 0
2 7104623 8 0
2 7104631 8 0
2 7104639 8 0
2 7104647 8 0
2 7104655 8 0
2 7104663 8 0
2 7104671 8 0
2 7104679 8 0
2 7104687 8 0
2 7104695 8 0
2 7104703 8 0
2 7104711 8 0
2 7104719 8 0
2 7104727 8 0
2 7104735 8 0
2 7104743 8 0
2 7104751 8 0
2 7104759 8 0
2 7104767 8 0
2 7104775 8 0
2 7104783 8 0
2 7104791 8 0
2 7104799 8 0
2 7104807 8 0
2 7104815 8 0
2 7104823 8 0
2 7104831 8 0
2 7104839 8 0
2 7104847 8 0
2 7104855 8 0
0 999253 8 0
0 999309 8 0
0 999317 8 0
0 999429 8 0
0 999437 8 0
0 999445 8 0
0 999461 8 0
0 999469 8 0
0 999477 8 0
0 999485 8 0
0 999493 8 0
0 999501 8 0
0 999509 8 0
0 999517 8 0
0 1032749 8 0
0 190597 8 0
0 412237 8 0
0 412245 8 0
0 412253 8 0
0 412261 8 0
0 412269 8 0
0 1517045 8 0
0 6863173 8 0
0 6863261 8 0
0 412133 8 0
0 412141 8 0
0 412149 8 0
0 412157 8 0
0 412165 8 0
0 412173 8 0
0 412181 8 0
0 412197 8 0
0 412205 8 0
0 412213 8 0
0 412221 8 0
2 7104863 8 0
2 7104871 8 0
2 7104879 8 0
2 7104887 8 0
2 7104895 8 0
2 7104903 8 0
2 7104911 8 0
2 7104919 8 0
2 7104927 8 0
2 7104935 8 0
2 7104943 8 0
2 7104951 8 0
2 7104959 8 0
2 7104967 8 0
2 7104975 8 0
2 7104983 8 0
2 7104991 8 0
2 7104999 8 0
2 7105007 8 0
2 7105015 8 0
2 7105023 8 0
2 7105031 8 0
2 7105039 8 0
2 7105047 8 0
2 7105055 8 0
2 7105063 8 0
2 7105071 8 0
2 7105079 8 0
2 7105087 8 0
2 7105095 8 0
2 7105103 8 0
2 7105111 8 0
2 7105119 8 0
2 7105127 8 0
2 7105135 8 0
2 7105143 8 0
2 7105151 8 0
2 7105159 8 0
2 7105167 8 0
2 7105175 8 0
2 7105183 8 0
2 7105191 8 0
2 7105199 8 0
2 7105207 8 0
2 7105215 8 0
2 7105223 8 0
2 7105231 8 0
2 7105239 8 0
2 7105247 8 0
2 7105255 8 0
2 7105263 8 0
2 7105271 8 0
2 7105279 8 0
2 7105287 8 0
2 7105295 8 0
2 7105303 8 0
2 7105311 8 0
2 7105319 8 0
2 7105327 8 0
2 7105335 8 0
2 7105343 8 0
2 7105351 8 0
2 7105359 8 0
2 7105367 8 0
2 7105375 8 0
2 7105383 8 0
2 7105391 8 0
2 7105399 8 0
2 7105407 8 0
2 7105415 8 0
2 7105423 8 0
2 7105431 8 0
2 7105439 8 0
2 7105447 8 0
2 7105455 8 0
2 7105463 8 0
2 7105471 8 0
2 7105479 8 0
2 7105487 8 0
2 7105495 8 0
2 7105503 8 0
2 7105511 8 0
2 7105519 8 0
2 7105527 8 0
2 7105535 8 0
2 7105543 8 0
2 7105551 8 0
2 7105559 8 0
2 7105567 8 0
2 7105575 8 0
2 7105583 8 0
2 7105591 8 0
2 7105599 8 0
2 7105607 8 0
2 7105615 8 0
2 7105623 8 0
2 7105631 8 0
2 7105639 8 0
2 7105647 8 0
2 7105655 8 0
2 7105663 8 0
2 7105671 8 0
2 7105679 8 0
2 7105687 8 0
2 7105695 8 0
2 7105703 8 0
2 7105711 8 0
2 7105719 8 0
2 7105727 8 0
2 7105735 8 0
2 7105743 8 0
2 7105751 8 0
2 7105759 8 0
2 7105767 8 0
2 7105775 8 0
2 7105783 8 0
2 7105791 8 0
2 7105799 8 0
2 7105807 8 0
2 7105815 8 0
2 7105823 8 0
2 7105831 8 0
2 7105839 8 0
2 7105847 8 0
2 7105855 8 0
2 7105863 8 0
2 7105871 8 0
2 7105879 8 0
2 7105887 8 0
2 7105895 8 0
2 7105903 8 0
2 7105911 8 0
2 7105919 8 0
2 7105927 8 0
2 7105935 8 0
2 7105943 8 0
2 7105951 8 0
2 7105959 8 0
2 7105967 8 0
2 7105975 8 0
2 7105983 8 0
2 7105991 8 0
2 7105999 8 0
2 7106007 8 0
2 7106015 8 0
2 7106023 8 0
2 7106031 8 0
2 7106039 8 0
2 7106047 8 0
2 7106055 8 0
2 7106063 8 0
2 7106071 8 0
2 7106079 8 0
2 7106087 8 0
2 7106095 8 0
2 7106103 8 0
2 7106111 8 0
2 7106119 8 0
2 7106127 8 0
2 7106135 8 0
2 7106143 8 0
2 7106151 8 0
2 7106159 8 0
2 7106167 8 0
2 7106175 8 0
2 7106183 8 0
2 7106191 8 0
2 7106199 8 0
2 7106207 8 0
2 7106215 8 0
2 7106223 8 0
2 7106231 8 0
2 7106239 8 0
2 7106247 8 0
2 7106255 8 0
2 7106263 8 0
2 7106271 8 0
2 7106279 8 0
2 7106287 8 0
2 7106295 8 0
2 7106303 8 0
2 7106311 8 0
2 7106319 8 0
2 7106327 8 0
2 7106335 8 0
2 7106343 8 0
2 7106351 8 0
2 7106359 8 0
2 7106367 8 0
2 7106375 8 0
2 7106383 8 0
2 7106391 8 0
2 7106399 8 0
2 7106407 8 0
2 7106415 8 0
2 7106423 8 0
2 7106431 8 0
2 7106439 8 0
2 7106447 8 0
2 7106455 8 0
2 7106463 8 0
2 7106471 8 0
2 7106479 8 0
2 7106487 8 0
2 7106495 8 0
2 7106503 8 0
2 7106511 8 0
2 7106519 8 0
2 7106527 8 0
2 7106535 8 0
2 7106543 8 0
2 7106551 8 0
2 7106559 8 0
2 7106567 8 0
2 7106575 8 0
2 7106583 8 0
2 7106591 8 0
2 7106599 8 0
2 7106607 8 0
2 7106615 8 0
2 7106623 8 0
2 7106631 8 0
2 7106639 8 0
2 7106647 8 0
2 7106655 8 0
2 7106663 8 0
2 7106671 8 0
2 7106679 8 0
2 7106687 8 0
2 7106695 8 0
2 7106703 8 0
2 7106711 8 0
2 7106719 8 0
2 7106727 8 0
2 7106735 8 0
2 7106743 8 0
2 7106751 8 0
2 7106759 8 0
2 7106767 8 0
2 7106775 8 0
2 7106783 8 0
2 7106791 8 0
2 7106799 8 0
2 7106807 8 0
2 7106815 8 0
2 7106823 8 0
2 7106831 8 0
2 7106839 8 0
2 7106847 8 0
2 7106855 8 0
2 7106863 8 0
2 7106871 8 0
2 7106879 8 0
2 7106887 8 0
2 7106895 8 0
2 7106903 8 0
1 1564886 40 0
2 7106911 8 0
2 7106919 8 0
2 7106927 8 0
2 7106935 8 0
2 7106943 8 0
2 7106951 8 0
2 7106959 8 0
2 7106967 8 0
2 7106975 8 0
2 7106983 8 0
2 7106991 8 0
2 7106999 8 0
2 7107007 8 0
2 7107015 8 0
2 7107023 8 0
2 7107031 8 0
2 7107039 8 0
2 7107047 8 0
2 7107055 8 0
2 7107063 8 0
2 7107071 8 0
2 7107079 8 0
2 7107087 8 0
2 7107095 8 0
2 7107103 8 0
2 7107111 8 0
2 7107119 8 0
2 7107127 8 0
2 7107135 8 0
2 7107143 8 0
2 7107151 8 0
2 7107159 8 0
1 4885294 8 0
1 4885302 8 0
1 4885310 8 0
1 4885318 8 0
1 4885326 8 0
1 4885334 8 0
1 4885342 8 0
1 4885350 8 0
1 4885358 8 0
1 4885366 8 0
1 4885374 8 0
1 4885382 8 0
1 4885390 8 0
1 4885398 8 0
1 4885406 8 0
1 4885414 8 0
1 4885422 8 0
1 4885430 8 0
2 7107167 8 0
2 7107175 8 0
2 7107183 8 0
2 7107191 8 0
2 7107199 8 0
2 7107207 8 0
2 7107215 8 0
2 7107223 8 0
2 7107231 8 0
2 7107239 8 0
2 7107247 8 0
2 7107255 8 0
2 7107263 8 0
2 7107271 8 0
2 7107279 8 0
2 7107287 8 0
2 7107295 8 0
2 7107303 8 0
2 7107311 8 0
2 7107319 8 0
2 7107327 8 0
2 7107335 8 0
2 7107343 8 0
2 7107351 8 0
2 7107359 8 0
2 7107367 8 0
2 7107375 8 0
2 7107383 8 0
2 7107391 8 0
2 7107399 8 0
2 7107407 8 0
2 7107415 8 0
0 829781 8 0
0 829821 8 0
0 5838125 8 0
0 5838117 8 0
0 829717 8 0
0 719917 8 0
0 719925 8 0
0 719933 8 0
0 719941 8 0
0 719949 8 0
0 719957 8 0
0 719965 8 0
0 719973 8 0
0 719981 8 0
0 719989 8 0
0 719997 8 0
2 7107423 8 0
2 7107431 8 0
2 7107439 8 0
2 7107447 8 0
2 7107455 8 0
2 7107463 8 0
2 7107471 8 0
2 7107479 8 0
2 7107487 8 0
2 7107495 8 0
2 7107503 8 0
2 7107511 8 0
2 7107519 8 0
2 7107527 8 0
2 7107535 8 0
2 7107543 8 0
2 7107551 8 0
2 7107559 8 0
2 7107567 8 0
2 7107575 8 0
2 7107583 8 0
2 7107591 8 0
2 7107599 8 0
2 7107607 8 0
2 7107615 8 0
2 7107623 8 0
2 7107631 8 0
2 7107639 8 0
2 7107647 8 0
2 7107655 8 0
2 7107663 8 0
2 7107671 8 0
2 7107679 8 0
2 7107687 8 0
2 7107695 8 0
2 7107703 8 0
2 7107711 8 0
2 7107719 8 0
2 7107727 8 0
2 7107735 8 0
2 7107743 8 0
2 7107751 8 0
2 7107759 8 0
2 7107767 8 0
2 7107775 8 0
2 7107783 8 0
2 7107791 8 0
2 7107799 8 0
2 7107807 8 0
2 7107815 8 0
2 7107823 8 0
2 7107831 8 0
2 7107839 8 0
2 7107847 8 0
2 7107855 8 0
2 7107863 8 0
2 7107871 8 0
2 7107879 8 0
2 7107887 8 0
2 7107895 8 0
2 7107903 8 0
2 7107911 8 0
2 7107919 8 0
